# JRE version: OpenJDK Runtime Environment Temurin-21.0.2+13 (21.0.2+13) (build 21.0.2+13-LTS)
# Java VM: OpenJDK 64-Bit Server VM Temurin-21.0.2+13 (21.0.2+13-LTS, mixed mode, emulated-client, sharing, tiered, compressed oops, compressed class ptrs, g1 gc, windows-amd64)
GC Precious Log:
 CardTable entry size: 512
 Card Set container configuration: InlinePtr #cards 4 size 8 Array Of Cards #cards 32 size 80 Howl #buckets 8 coarsen threshold 7372 Howl Bitmap #cards 1024 size 144 coarsen threshold 921 Card regions per heap region 1 cards per card region 8192
 CPUs: 8 total, 8 available
 Memory: 32448M
 Large Page Support: Disabled
 NUMA Support: Disabled
 Compressed Oops: Enabled (Zero based)
 Heap Region Size: 4M
 Heap Min Capacity: 8M
 Heap Initial Capacity: 508M
 Heap Max Capacity: 8116M
 Pre-touch: Disabled
 Parallel Workers: 8
 Concurrent Workers: 2
 Concurrent Refinement Workers: 8
 Periodic GC: Disabled
Heap:
 garbage-first heap   total 204800K, used 55611K [0x0000000604c00000, 0x0000000800000000)
  region size 4096K, 4 young (16384K), 2 survivors (8192K)
 Metaspace       used 69390K, committed 70656K, reserved 1114112K
  class space    used 9090K, committed 9664K, reserved 1048576K
GC Heap History (20 events):
Event: 2.549 GC heap before
{Heap before GC invocations=10 (full 0):
 garbage-first heap   total 98304K, used 67409K [0x0000000604c00000, 0x0000000800000000)
  region size 4096K, 14 young (57344K), 2 survivors (8192K)
 Metaspace       used 29733K, committed 30208K, reserved 1114112K
  class space    used 3882K, committed 4096K, reserved 1048576K
}
Event: 2.555 GC heap after
{Heap after GC invocations=11 (full 0):
 garbage-first heap   total 98304K, used 20507K [0x0000000604c00000, 0x0000000800000000)
  region size 4096K, 2 young (8192K), 2 survivors (8192K)
 Metaspace       used 29733K, committed 30208K, reserved 1114112K
  class space    used 3882K, committed 4096K, reserved 1048576K
}
Event: 2.955 GC heap before
{Heap before GC invocations=11 (full 0):
 garbage-first heap   total 98304K, used 69659K [0x0000000604c00000, 0x0000000800000000)
  region size 4096K, 14 young (57344K), 2 survivors (8192K)
 Metaspace       used 33142K, committed 33664K, reserved 1114112K
  class space    used 4384K, committed 4608K, reserved 1048576K
}
Event: 2.961 GC heap after
{Heap after GC invocations=12 (full 0):
 garbage-first heap   total 98304K, used 22121K [0x0000000604c00000, 0x0000000800000000)
  region size 4096K, 2 young (8192K), 2 survivors (8192K)
 Metaspace       used 33142K, committed 33664K, reserved 1114112K
  class space    used 4384K, committed 4608K, reserved 1048576K
}
Event: 3.363 GC heap before
{Heap before GC invocations=12 (full 0):
 garbage-first heap   total 98304K, used 71273K [0x0000000604c00000, 0x0000000800000000)
  region size 4096K, 14 young (57344K), 2 survivors (8192K)
 Metaspace       used 37000K, committed 37632K, reserved 1114112K
  class space    used 4908K, committed 5184K, reserved 1048576K
}
Event: 3.369 GC heap after
{Heap after GC invocations=13 (full 0):
 garbage-first heap   total 311296K, used 23258K [0x0000000604c00000, 0x0000000800000000)
  region size 4096K, 2 young (8192K), 2 survivors (8192K)
 Metaspace       used 37000K, committed 37632K, reserved 1114112K
  class space    used 4908K, committed 5184K, reserved 1048576K
}
Event: 4.186 GC heap before
{Heap before GC invocations=13 (full 0):
 garbage-first heap   total 311296K, used 146138K [0x0000000604c00000, 0x0000000800000000)
  region size 4096K, 33 young (135168K), 2 survivors (8192K)
 Metaspace       used 46064K, committed 46656K, reserved 1114112K
  class space    used 5983K, committed 6272K, reserved 1048576K
}
Event: 4.195 GC heap after
{Heap after GC invocations=14 (full 0):
 garbage-first heap   total 311296K, used 28067K [0x0000000604c00000, 0x0000000800000000)
  region size 4096K, 3 young (12288K), 3 survivors (12288K)
 Metaspace       used 46064K, committed 46656K, reserved 1114112K
  class space    used 5983K, committed 6272K, reserved 1048576K
}
Event: 4.649 GC heap before
{Heap before GC invocations=15 (full 0):
 garbage-first heap   total 122880K, used 89507K [0x0000000604c00000, 0x0000000800000000)
  region size 4096K, 18 young (73728K), 3 survivors (12288K)
 Metaspace       used 49981K, committed 50624K, reserved 1114112K
  class space    used 6459K, committed 6720K, reserved 1048576K
}
Event: 4.656 GC heap after
{Heap after GC invocations=16 (full 0):
 garbage-first heap   total 122880K, used 29834K [0x0000000604c00000, 0x0000000800000000)
  region size 4096K, 2 young (8192K), 2 survivors (8192K)
 Metaspace       used 49981K, committed 50624K, reserved 1114112K
  class space    used 6459K, committed 6720K, reserved 1048576K
}
Event: 5.054 GC heap before
{Heap before GC invocations=16 (full 0):
 garbage-first heap   total 122880K, used 95370K [0x0000000604c00000, 0x0000000800000000)
  region size 4096K, 18 young (73728K), 2 survivors (8192K)
 Metaspace       used 52125K, committed 52736K, reserved 1114112K
  class space    used 6759K, committed 7040K, reserved 1048576K
}
Event: 5.063 GC heap after
{Heap after GC invocations=17 (full 0):
 garbage-first heap   total 122880K, used 31709K [0x0000000604c00000, 0x0000000800000000)
  region size 4096K, 3 young (12288K), 3 survivors (12288K)
 Metaspace       used 52125K, committed 52736K, reserved 1114112K
  class space    used 6759K, committed 7040K, reserved 1048576K
}
Event: 5.269 GC heap before
{Heap before GC invocations=17 (full 0):
 garbage-first heap   total 122880K, used 89053K [0x0000000604c00000, 0x0000000800000000)
  region size 4096K, 18 young (73728K), 3 survivors (12288K)
 Metaspace       used 53522K, committed 54208K, reserved 1114112K
  class space    used 6937K, committed 7232K, reserved 1048576K
}
Event: 5.275 GC heap after
{Heap after GC invocations=18 (full 0):
 garbage-first heap   total 323584K, used 40291K [0x0000000604c00000, 0x0000000800000000)
  region size 4096K, 3 young (12288K), 3 survivors (12288K)
 Metaspace       used 53522K, committed 54208K, reserved 1114112K
  class space    used 6937K, committed 7232K, reserved 1048576K
}
Event: 6.027 GC heap before
{Heap before GC invocations=18 (full 0):
 garbage-first heap   total 323584K, used 216419K [0x0000000604c00000, 0x0000000800000000)
  region size 4096K, 47 young (192512K), 3 survivors (12288K)
 Metaspace       used 55869K, committed 56640K, reserved 1114112K
  class space    used 7302K, committed 7680K, reserved 1048576K
}
Event: 6.036 GC heap after
{Heap after GC invocations=19 (full 0):
 garbage-first heap   total 323584K, used 43231K [0x0000000604c00000, 0x0000000800000000)
  region size 4096K, 4 young (16384K), 4 survivors (16384K)
 Metaspace       used 55869K, committed 56640K, reserved 1114112K
  class space    used 7302K, committed 7680K, reserved 1048576K
}
Event: 12.949 GC heap before
{Heap before GC invocations=19 (full 0):
 garbage-first heap   total 323584K, used 207071K [0x0000000604c00000, 0x0000000800000000)
  region size 4096K, 46 young (188416K), 4 survivors (16384K)
 Metaspace       used 66183K, committed 67264K, reserved 1114112K
  class space    used 8626K, committed 9152K, reserved 1048576K
}
Event: 12.980 GC heap after
{Heap after GC invocations=20 (full 0):
 garbage-first heap   total 323584K, used 51928K [0x0000000604c00000, 0x0000000800000000)
  region size 4096K, 6 young (24576K), 6 survivors (24576K)
 Metaspace       used 66183K, committed 67264K, reserved 1114112K
  class space    used 8626K, committed 9152K, reserved 1048576K
}
Event: 231.161 GC heap before
{Heap before GC invocations=21 (full 0):
 garbage-first heap   total 204800K, used 150232K [0x0000000604c00000, 0x0000000800000000)
  region size 4096K, 30 young (122880K), 6 survivors (24576K)
 Metaspace       used 69368K, committed 70592K, reserved 1114112K
  class space    used 9089K, committed 9664K, reserved 1048576K
}
Event: 231.176 GC heap after
{Heap after GC invocations=22 (full 0):
 garbage-first heap   total 204800K, used 51515K [0x0000000604c00000, 0x0000000800000000)
  region size 4096K, 2 young (8192K), 2 survivors (8192K)
 Metaspace       used 69368K, committed 70592K, reserved 1114112K
  class space    used 9089K, committed 9664K, reserved 1048576K
}

