# JRE version: OpenJDK Runtime Environment Temurin-21.0.2+13 (21.0.2+13) (build 21.0.2+13-LTS)
# Java VM: OpenJDK 64-Bit Server VM Temurin-21.0.2+13 (21.0.2+13-LTS, mixed mode, emulated-client, sharing, tiered, compressed oops, compressed class ptrs, g1 gc, windows-amd64)
GC Precious Log:
 CardTable entry size: 512
 Card Set container configuration: InlinePtr #cards 4 size 8 Array Of Cards #cards 32 size 80 Howl #buckets 8 coarsen threshold 7372 Howl Bitmap #cards 1024 size 144 coarsen threshold 921 Card regions per heap region 1 cards per card region 8192
 CPUs: 8 total, 8 available
 Memory: 32448M
 Large Page Support: Disabled
 NUMA Support: Disabled
 Compressed Oops: Enabled (Zero based)
 Heap Region Size: 4M
 Heap Min Capacity: 8M
 Heap Initial Capacity: 508M
 Heap Max Capacity: 8116M
 Pre-touch: Disabled
 Parallel Workers: 8
 Concurrent Workers: 2
 Concurrent Refinement Workers: 8
 Periodic GC: Disabled
Heap:
 garbage-first heap   total 221184K, used 129898K [0x0000000604c00000, 0x0000000800000000)
  region size 4096K, 23 young (94208K), 1 survivors (4096K)
 Metaspace       used 72517K, committed 73536K, reserved 1114112K
  class space    used 9271K, committed 9728K, reserved 1048576K
GC Heap History (20 events):
Event: 635.148 GC heap before
{Heap before GC invocations=41 (full 4):
 garbage-first heap   total 139264K, used 119840K [0x0000000604c00000, 0x0000000800000000)
  region size 4096K, 20 young (81920K), 0 survivors (0K)
 Metaspace       used 71439K, committed 72576K, reserved 1114112K
  class space    used 9217K, committed 9728K, reserved 1048576K
}
Event: 635.152 GC heap after
{Heap after GC invocations=42 (full 4):
 garbage-first heap   total 139264K, used 42874K [0x0000000604c00000, 0x0000000800000000)
  region size 4096K, 2 young (8192K), 2 survivors (8192K)
 Metaspace       used 71439K, committed 72576K, reserved 1114112K
  class space    used 9217K, committed 9728K, reserved 1048576K
}
Event: 635.453 GC heap before
{Heap before GC invocations=42 (full 4):
 garbage-first heap   total 139264K, used 108410K [0x0000000604c00000, 0x0000000800000000)
  region size 4096K, 19 young (77824K), 2 survivors (8192K)
 Metaspace       used 71916K, committed 73024K, reserved 1114112K
  class space    used 9248K, committed 9728K, reserved 1048576K
}
Event: 635.458 GC heap after
{Heap after GC invocations=43 (full 4):
 garbage-first heap   total 139264K, used 44385K [0x0000000604c00000, 0x0000000800000000)
  region size 4096K, 2 young (8192K), 2 survivors (8192K)
 Metaspace       used 71916K, committed 73024K, reserved 1114112K
  class space    used 9248K, committed 9728K, reserved 1048576K
}
Event: 635.578 GC heap before
{Heap before GC invocations=43 (full 4):
 garbage-first heap   total 139264K, used 114017K [0x0000000604c00000, 0x0000000800000000)
  region size 4096K, 19 young (77824K), 2 survivors (8192K)
 Metaspace       used 71916K, committed 73024K, reserved 1114112K
  class space    used 9248K, committed 9728K, reserved 1048576K
}
Event: 635.587 GC heap after
{Heap after GC invocations=44 (full 4):
 garbage-first heap   total 167936K, used 57077K [0x0000000604c00000, 0x0000000800000000)
  region size 4096K, 3 young (12288K), 3 survivors (12288K)
 Metaspace       used 71916K, committed 73024K, reserved 1114112K
  class space    used 9248K, committed 9728K, reserved 1048576K
}
Event: 635.717 GC heap before
{Heap before GC invocations=44 (full 4):
 garbage-first heap   total 167936K, used 138997K [0x0000000604c00000, 0x0000000800000000)
  region size 4096K, 23 young (94208K), 3 survivors (12288K)
 Metaspace       used 71916K, committed 73024K, reserved 1114112K
  class space    used 9248K, committed 9728K, reserved 1048576K
}
Event: 635.727 GC heap after
{Heap after GC invocations=45 (full 4):
 garbage-first heap   total 167936K, used 69957K [0x0000000604c00000, 0x0000000800000000)
  region size 4096K, 3 young (12288K), 3 survivors (12288K)
 Metaspace       used 71916K, committed 73024K, reserved 1114112K
  class space    used 9248K, committed 9728K, reserved 1048576K
}
Event: 636.032 GC heap before
{Heap before GC invocations=45 (full 4):
 garbage-first heap   total 167936K, used 135493K [0x0000000604c00000, 0x0000000800000000)
  region size 4096K, 19 young (77824K), 3 survivors (12288K)
 Metaspace       used 71925K, committed 73024K, reserved 1114112K
  class space    used 9251K, committed 9728K, reserved 1048576K
}
Event: 636.035 GC heap after
{Heap after GC invocations=46 (full 4):
 garbage-first heap   total 167936K, used 64616K [0x0000000604c00000, 0x0000000800000000)
  region size 4096K, 1 young (4096K), 1 survivors (4096K)
 Metaspace       used 71925K, committed 73024K, reserved 1114112K
  class space    used 9251K, committed 9728K, reserved 1048576K
}
Event: 686.139 GC heap before
{Heap before GC invocations=46 (full 4):
 garbage-first heap   total 167936K, used 105576K [0x0000000604c00000, 0x0000000800000000)
  region size 4096K, 12 young (49152K), 1 survivors (4096K)
 Metaspace       used 71954K, committed 73088K, reserved 1114112K
  class space    used 9255K, committed 9728K, reserved 1048576K
}
Event: 686.191 GC heap after
{Heap after GC invocations=47 (full 5):
 garbage-first heap   total 151552K, used 36784K [0x0000000604c00000, 0x0000000800000000)
  region size 4096K, 0 young (0K), 0 survivors (0K)
 Metaspace       used 71691K, committed 73088K, reserved 1114112K
  class space    used 9193K, committed 9728K, reserved 1048576K
}
Event: 687.407 GC heap before
{Heap before GC invocations=47 (full 5):
 garbage-first heap   total 151552K, used 118704K [0x0000000604c00000, 0x0000000800000000)
  region size 4096K, 20 young (81920K), 0 survivors (0K)
 Metaspace       used 71927K, committed 73152K, reserved 1114112K
  class space    used 9222K, committed 9728K, reserved 1048576K
}
Event: 687.411 GC heap after
{Heap after GC invocations=48 (full 5):
 garbage-first heap   total 151552K, used 42342K [0x0000000604c00000, 0x0000000800000000)
  region size 4096K, 2 young (8192K), 2 survivors (8192K)
 Metaspace       used 71927K, committed 73152K, reserved 1114112K
  class space    used 9222K, committed 9728K, reserved 1048576K
}
Event: 687.774 GC heap before
{Heap before GC invocations=48 (full 5):
 garbage-first heap   total 151552K, used 120166K [0x0000000604c00000, 0x0000000800000000)
  region size 4096K, 21 young (86016K), 2 survivors (8192K)
 Metaspace       used 72462K, committed 73536K, reserved 1114112K
  class space    used 9264K, committed 9728K, reserved 1048576K
}
Event: 687.778 GC heap after
{Heap after GC invocations=49 (full 5):
 garbage-first heap   total 151552K, used 43892K [0x0000000604c00000, 0x0000000800000000)
  region size 4096K, 2 young (8192K), 2 survivors (8192K)
 Metaspace       used 72462K, committed 73536K, reserved 1114112K
  class space    used 9264K, committed 9728K, reserved 1048576K
}
Event: 687.908 GC heap before
{Heap before GC invocations=49 (full 5):
 garbage-first heap   total 151552K, used 121716K [0x0000000604c00000, 0x0000000800000000)
  region size 4096K, 21 young (86016K), 2 survivors (8192K)
 Metaspace       used 72462K, committed 73536K, reserved 1114112K
  class space    used 9264K, committed 9728K, reserved 1048576K
}
Event: 687.912 GC heap after
{Heap after GC invocations=50 (full 5):
 garbage-first heap   total 151552K, used 44079K [0x0000000604c00000, 0x0000000800000000)
  region size 4096K, 1 young (4096K), 1 survivors (4096K)
 Metaspace       used 72462K, committed 73536K, reserved 1114112K
  class space    used 9264K, committed 9728K, reserved 1048576K
}
Event: 688.022 GC heap before
{Heap before GC invocations=50 (full 5):
 garbage-first heap   total 151552K, used 117807K [0x0000000604c00000, 0x0000000800000000)
  region size 4096K, 20 young (81920K), 1 survivors (4096K)
 Metaspace       used 72463K, committed 73536K, reserved 1114112K
  class space    used 9264K, committed 9728K, reserved 1048576K
}
Event: 688.024 GC heap after
{Heap after GC invocations=51 (full 5):
 garbage-first heap   total 221184K, used 43882K [0x0000000604c00000, 0x0000000800000000)
  region size 4096K, 1 young (4096K), 1 survivors (4096K)
 Metaspace       used 72463K, committed 73536K, reserved 1114112K
  class space    used 9264K, committed 9728K, reserved 1048576K
}

