# JRE version: OpenJDK Runtime Environment Temurin-21.0.2+13 (21.0.2+13) (build 21.0.2+13-LTS)
# Java VM: OpenJDK 64-Bit Server VM Temurin-21.0.2+13 (21.0.2+13-LTS, mixed mode, emulated-client, sharing, tiered, compressed oops, compressed class ptrs, g1 gc, windows-amd64)
GC Precious Log:
 CardTable entry size: 512
 Card Set container configuration: InlinePtr #cards 4 size 8 Array Of Cards #cards 32 size 80 Howl #buckets 8 coarsen threshold 7372 Howl Bitmap #cards 1024 size 144 coarsen threshold 921 Card regions per heap region 1 cards per card region 8192
 CPUs: 8 total, 8 available
 Memory: 32448M
 Large Page Support: Disabled
 NUMA Support: Disabled
 Compressed Oops: Enabled (Zero based)
 Heap Region Size: 4M
 Heap Min Capacity: 8M
 Heap Initial Capacity: 508M
 Heap Max Capacity: 8116M
 Pre-touch: Disabled
 Parallel Workers: 8
 Concurrent Workers: 2
 Concurrent Refinement Workers: 8
 Periodic GC: Disabled
Heap:
 garbage-first heap   total 163840K, used 128542K [0x0000000604c00000, 0x0000000800000000)
  region size 4096K, 21 young (86016K), 1 survivors (4096K)
 Metaspace       used 75641K, committed 77504K, reserved 1179648K
  class space    used 9745K, committed 10560K, reserved 1048576K
GC Heap History (20 events):
Event: 5.612 GC heap before
{Heap before GC invocations=21 (full 0):
 garbage-first heap   total 122880K, used 99238K [0x0000000604c00000, 0x0000000800000000)
  region size 4096K, 18 young (73728K), 3 survivors (12288K)
 Metaspace       used 54210K, committed 54912K, reserved 1114112K
  class space    used 7044K, committed 7360K, reserved 1048576K
}
Event: 5.617 GC heap after
{Heap after GC invocations=22 (full 0):
 garbage-first heap   total 323584K, used 39770K [0x0000000604c00000, 0x0000000800000000)
  region size 4096K, 2 young (8192K), 2 survivors (8192K)
 Metaspace       used 54210K, committed 54912K, reserved 1114112K
  class space    used 7044K, committed 7360K, reserved 1048576K
}
Event: 6.589 GC heap before
{Heap before GC invocations=22 (full 0):
 garbage-first heap   total 323584K, used 224090K [0x0000000604c00000, 0x0000000800000000)
  region size 4096K, 47 young (192512K), 2 survivors (8192K)
 Metaspace       used 58245K, committed 59072K, reserved 1114112K
  class space    used 7654K, committed 8064K, reserved 1048576K
}
Event: 6.595 GC heap after
{Heap after GC invocations=23 (full 0):
 garbage-first heap   total 323584K, used 38668K [0x0000000604c00000, 0x0000000800000000)
  region size 4096K, 2 young (8192K), 2 survivors (8192K)
 Metaspace       used 58245K, committed 59072K, reserved 1114112K
  class space    used 7654K, committed 8064K, reserved 1048576K
}
Event: 7.265 GC heap before
{Heap before GC invocations=23 (full 0):
 garbage-first heap   total 323584K, used 108300K [0x0000000604c00000, 0x0000000800000000)
  region size 4096K, 20 young (81920K), 2 survivors (8192K)
 Metaspace       used 63154K, committed 64064K, reserved 1114112K
  class space    used 8323K, committed 8704K, reserved 1048576K
}
Event: 7.272 GC heap after
{Heap after GC invocations=24 (full 0):
 garbage-first heap   total 323584K, used 42212K [0x0000000604c00000, 0x0000000800000000)
  region size 4096K, 3 young (12288K), 3 survivors (12288K)
 Metaspace       used 63154K, committed 64064K, reserved 1114112K
  class space    used 8323K, committed 8704K, reserved 1048576K
}
Event: 11.891 GC heap before
{Heap before GC invocations=25 (full 0):
 garbage-first heap   total 163840K, used 124132K [0x0000000604c00000, 0x0000000800000000)
  region size 4096K, 24 young (98304K), 3 survivors (12288K)
 Metaspace       used 67565K, committed 68736K, reserved 1114112K
  class space    used 8855K, committed 9408K, reserved 1048576K
}
Event: 11.899 GC heap after
{Heap after GC invocations=26 (full 0):
 garbage-first heap   total 163840K, used 48716K [0x0000000604c00000, 0x0000000800000000)
  region size 4096K, 3 young (12288K), 3 survivors (12288K)
 Metaspace       used 67565K, committed 68736K, reserved 1114112K
  class space    used 8855K, committed 9408K, reserved 1048576K
}
Event: 26.366 GC heap before
{Heap before GC invocations=26 (full 0):
 garbage-first heap   total 163840K, used 101964K [0x0000000604c00000, 0x0000000800000000)
  region size 4096K, 18 young (73728K), 3 survivors (12288K)
 Metaspace       used 73256K, committed 74560K, reserved 1114112K
  class space    used 9580K, committed 10176K, reserved 1048576K
}
Event: 26.373 GC heap after
{Heap after GC invocations=27 (full 0):
 garbage-first heap   total 163840K, used 54161K [0x0000000604c00000, 0x0000000800000000)
  region size 4096K, 2 young (8192K), 2 survivors (8192K)
 Metaspace       used 73256K, committed 74560K, reserved 1114112K
  class space    used 9580K, committed 10176K, reserved 1048576K
}
Event: 136.095 GC heap before
{Heap before GC invocations=28 (full 0):
 garbage-first heap   total 163840K, used 119697K [0x0000000604c00000, 0x0000000800000000)
  region size 4096K, 20 young (81920K), 2 survivors (8192K)
 Metaspace       used 75207K, committed 76544K, reserved 1179648K
  class space    used 9808K, committed 10432K, reserved 1048576K
}
Event: 136.156 GC heap after
{Heap after GC invocations=29 (full 1):
 garbage-first heap   total 163840K, used 41293K [0x0000000604c00000, 0x0000000800000000)
  region size 4096K, 0 young (0K), 0 survivors (0K)
 Metaspace       used 75203K, committed 76544K, reserved 1179648K
  class space    used 9807K, committed 10432K, reserved 1048576K
}
Event: 136.877 GC heap before
{Heap before GC invocations=29 (full 1):
 garbage-first heap   total 163840K, used 131405K [0x0000000604c00000, 0x0000000800000000)
  region size 4096K, 23 young (94208K), 0 survivors (0K)
 Metaspace       used 75510K, committed 76864K, reserved 1179648K
  class space    used 9843K, committed 10496K, reserved 1048576K
}
Event: 136.881 GC heap after
{Heap after GC invocations=30 (full 1):
 garbage-first heap   total 163840K, used 47042K [0x0000000604c00000, 0x0000000800000000)
  region size 4096K, 2 young (8192K), 2 survivors (8192K)
 Metaspace       used 75510K, committed 76864K, reserved 1179648K
  class space    used 9843K, committed 10496K, reserved 1048576K
}
Event: 137.323 GC heap before
{Heap before GC invocations=30 (full 1):
 garbage-first heap   total 163840K, used 128962K [0x0000000604c00000, 0x0000000800000000)
  region size 4096K, 23 young (94208K), 2 survivors (8192K)
 Metaspace       used 76099K, committed 77440K, reserved 1179648K
  class space    used 9881K, committed 10496K, reserved 1048576K
}
Event: 137.327 GC heap after
{Heap after GC invocations=31 (full 1):
 garbage-first heap   total 163840K, used 48566K [0x0000000604c00000, 0x0000000800000000)
  region size 4096K, 2 young (8192K), 2 survivors (8192K)
 Metaspace       used 76099K, committed 77440K, reserved 1179648K
  class space    used 9881K, committed 10496K, reserved 1048576K
}
Event: 137.519 GC heap before
{Heap before GC invocations=32 (full 1):
 garbage-first heap   total 163840K, used 134582K [0x0000000604c00000, 0x0000000800000000)
  region size 4096K, 24 young (98304K), 2 survivors (8192K)
 Metaspace       used 75511K, committed 77504K, reserved 1179648K
  class space    used 9731K, committed 10560K, reserved 1048576K
}
Event: 137.524 GC heap after
{Heap after GC invocations=33 (full 1):
 garbage-first heap   total 163840K, used 54357K [0x0000000604c00000, 0x0000000800000000)
  region size 4096K, 2 young (8192K), 2 survivors (8192K)
 Metaspace       used 75511K, committed 77504K, reserved 1179648K
  class space    used 9731K, committed 10560K, reserved 1048576K
}
Event: 137.812 GC heap before
{Heap before GC invocations=33 (full 1):
 garbage-first heap   total 163840K, used 136277K [0x0000000604c00000, 0x0000000800000000)
  region size 4096K, 22 young (90112K), 2 survivors (8192K)
 Metaspace       used 75525K, committed 77504K, reserved 1179648K
  class space    used 9735K, committed 10560K, reserved 1048576K
}
Event: 137.815 GC heap after
{Heap after GC invocations=34 (full 1):
 garbage-first heap   total 163840K, used 50718K [0x0000000604c00000, 0x0000000800000000)
  region size 4096K, 1 young (4096K), 1 survivors (4096K)
 Metaspace       used 75525K, committed 77504K, reserved 1179648K
  class space    used 9735K, committed 10560K, reserved 1048576K
}

