# JRE version: OpenJDK Runtime Environment Temurin-21.0.2+13 (21.0.2+13) (build 21.0.2+13-LTS)
# Java VM: OpenJDK 64-Bit Server VM Temurin-21.0.2+13 (21.0.2+13-LTS, mixed mode, emulated-client, sharing, tiered, compressed oops, compressed class ptrs, g1 gc, windows-amd64)
GC Precious Log:
 CardTable entry size: 512
 Card Set container configuration: InlinePtr #cards 4 size 8 Array Of Cards #cards 32 size 80 Howl #buckets 8 coarsen threshold 7372 Howl Bitmap #cards 1024 size 144 coarsen threshold 921 Card regions per heap region 1 cards per card region 8192
 CPUs: 8 total, 8 available
 Memory: 32448M
 Large Page Support: Disabled
 NUMA Support: Disabled
 Compressed Oops: Enabled (Zero based)
 Heap Region Size: 4M
 Heap Min Capacity: 8M
 Heap Initial Capacity: 508M
 Heap Max Capacity: 8116M
 Pre-touch: Disabled
 Parallel Workers: 8
 Concurrent Workers: 2
 Concurrent Refinement Workers: 8
 Periodic GC: Disabled
Heap:
 garbage-first heap   total 163840K, used 82126K [0x0000000604c00000, 0x0000000800000000)
  region size 4096K, 13 young (53248K), 3 survivors (12288K)
 Metaspace       used 69213K, committed 70464K, reserved 1114112K
  class space    used 9094K, committed 9664K, reserved 1048576K
GC Heap History (20 events):
Event: 3.027 GC heap before
{Heap before GC invocations=12 (full 0):
 garbage-first heap   total 81920K, used 57736K [0x0000000604c00000, 0x0000000800000000)
  region size 4096K, 12 young (49152K), 2 survivors (8192K)
 Metaspace       used 34222K, committed 34816K, reserved 1114112K
  class space    used 4512K, committed 4800K, reserved 1048576K
}
Event: 3.031 GC heap after
{Heap after GC invocations=13 (full 0):
 garbage-first heap   total 81920K, used 22525K [0x0000000604c00000, 0x0000000800000000)
  region size 4096K, 2 young (8192K), 2 survivors (8192K)
 Metaspace       used 34222K, committed 34816K, reserved 1114112K
  class space    used 4512K, committed 4800K, reserved 1048576K
}
Event: 3.376 GC heap before
{Heap before GC invocations=13 (full 0):
 garbage-first heap   total 81920K, used 63485K [0x0000000604c00000, 0x0000000800000000)
  region size 4096K, 12 young (49152K), 2 survivors (8192K)
 Metaspace       used 37294K, committed 37824K, reserved 1114112K
  class space    used 4944K, committed 5184K, reserved 1048576K
}
Event: 3.380 GC heap after
{Heap after GC invocations=14 (full 0):
 garbage-first heap   total 81920K, used 23944K [0x0000000604c00000, 0x0000000800000000)
  region size 4096K, 2 young (8192K), 2 survivors (8192K)
 Metaspace       used 37294K, committed 37824K, reserved 1114112K
  class space    used 4944K, committed 5184K, reserved 1048576K
}
Event: 3.633 GC heap before
{Heap before GC invocations=14 (full 0):
 garbage-first heap   total 81920K, used 64904K [0x0000000604c00000, 0x0000000800000000)
  region size 4096K, 12 young (49152K), 2 survivors (8192K)
 Metaspace       used 39381K, committed 40000K, reserved 1114112K
  class space    used 5178K, committed 5440K, reserved 1048576K
}
Event: 3.637 GC heap after
{Heap after GC invocations=15 (full 0):
 garbage-first heap   total 303104K, used 25295K [0x0000000604c00000, 0x0000000800000000)
  region size 4096K, 2 young (8192K), 2 survivors (8192K)
 Metaspace       used 39381K, committed 40000K, reserved 1114112K
  class space    used 5178K, committed 5440K, reserved 1048576K
}
Event: 4.075 GC heap before
{Heap before GC invocations=15 (full 0):
 garbage-first heap   total 303104K, used 90831K [0x0000000604c00000, 0x0000000800000000)
  region size 4096K, 19 young (77824K), 2 survivors (8192K)
 Metaspace       used 45175K, committed 45760K, reserved 1114112K
  class space    used 5853K, committed 6080K, reserved 1048576K
}
Event: 4.080 GC heap after
{Heap after GC invocations=16 (full 0):
 garbage-first heap   total 303104K, used 27257K [0x0000000604c00000, 0x0000000800000000)
  region size 4096K, 2 young (8192K), 2 survivors (8192K)
 Metaspace       used 45175K, committed 45760K, reserved 1114112K
  class space    used 5853K, committed 6080K, reserved 1048576K
}
Event: 4.510 GC heap before
{Heap before GC invocations=17 (full 0):
 garbage-first heap   total 122880K, used 92793K [0x0000000604c00000, 0x0000000800000000)
  region size 4096K, 18 young (73728K), 2 survivors (8192K)
 Metaspace       used 49893K, committed 50560K, reserved 1114112K
  class space    used 6467K, committed 6784K, reserved 1048576K
}
Event: 4.516 GC heap after
{Heap after GC invocations=18 (full 0):
 garbage-first heap   total 122880K, used 29086K [0x0000000604c00000, 0x0000000800000000)
  region size 4096K, 2 young (8192K), 2 survivors (8192K)
 Metaspace       used 49893K, committed 50560K, reserved 1114112K
  class space    used 6467K, committed 6784K, reserved 1048576K
}
Event: 4.946 GC heap before
{Heap before GC invocations=18 (full 0):
 garbage-first heap   total 122880K, used 94622K [0x0000000604c00000, 0x0000000800000000)
  region size 4096K, 18 young (73728K), 2 survivors (8192K)
 Metaspace       used 52259K, committed 52992K, reserved 1114112K
  class space    used 6792K, committed 7104K, reserved 1048576K
}
Event: 4.951 GC heap after
{Heap after GC invocations=19 (full 0):
 garbage-first heap   total 122880K, used 31206K [0x0000000604c00000, 0x0000000800000000)
  region size 4096K, 2 young (8192K), 2 survivors (8192K)
 Metaspace       used 52259K, committed 52992K, reserved 1114112K
  class space    used 6792K, committed 7104K, reserved 1048576K
}
Event: 5.303 GC heap before
{Heap before GC invocations=19 (full 0):
 garbage-first heap   total 122880K, used 92646K [0x0000000604c00000, 0x0000000800000000)
  region size 4096K, 18 young (73728K), 2 survivors (8192K)
 Metaspace       used 54225K, committed 54912K, reserved 1114112K
  class space    used 7045K, committed 7360K, reserved 1048576K
}
Event: 5.311 GC heap after
{Heap after GC invocations=20 (full 0):
 garbage-first heap   total 323584K, used 36670K [0x0000000604c00000, 0x0000000800000000)
  region size 4096K, 3 young (12288K), 3 survivors (12288K)
 Metaspace       used 54225K, committed 54912K, reserved 1114112K
  class space    used 7045K, committed 7360K, reserved 1048576K
}
Event: 5.929 GC heap before
{Heap before GC invocations=20 (full 0):
 garbage-first heap   total 323584K, used 212798K [0x0000000604c00000, 0x0000000800000000)
  region size 4096K, 47 young (192512K), 3 survivors (12288K)
 Metaspace       used 55658K, committed 56384K, reserved 1114112K
  class space    used 7277K, committed 7616K, reserved 1048576K
}
Event: 5.935 GC heap after
{Heap after GC invocations=21 (full 0):
 garbage-first heap   total 323584K, used 34753K [0x0000000604c00000, 0x0000000800000000)
  region size 4096K, 3 young (12288K), 3 survivors (12288K)
 Metaspace       used 55658K, committed 56384K, reserved 1114112K
  class space    used 7277K, committed 7616K, reserved 1048576K
}
Event: 7.119 GC heap before
{Heap before GC invocations=21 (full 0):
 garbage-first heap   total 323584K, used 186305K [0x0000000604c00000, 0x0000000800000000)
  region size 4096K, 41 young (167936K), 3 survivors (12288K)
 Metaspace       used 63154K, committed 64128K, reserved 1114112K
  class space    used 8316K, committed 8768K, reserved 1048576K
}
Event: 7.128 GC heap after
{Heap after GC invocations=22 (full 0):
 garbage-first heap   total 323584K, used 40226K [0x0000000604c00000, 0x0000000800000000)
  region size 4096K, 4 young (16384K), 4 survivors (16384K)
 Metaspace       used 63154K, committed 64128K, reserved 1114112K
  class space    used 8316K, committed 8768K, reserved 1048576K
}
Event: 29.596 GC heap before
{Heap before GC invocations=23 (full 0):
 garbage-first heap   total 163840K, used 118050K [0x0000000604c00000, 0x0000000800000000)
  region size 4096K, 24 young (98304K), 4 survivors (16384K)
 Metaspace       used 67387K, committed 68544K, reserved 1114112K
  class space    used 8805K, committed 9344K, reserved 1048576K
}
Event: 29.606 GC heap after
{Heap after GC invocations=24 (full 0):
 garbage-first heap   total 163840K, used 45262K [0x0000000604c00000, 0x0000000800000000)
  region size 4096K, 3 young (12288K), 3 survivors (12288K)
 Metaspace       used 67387K, committed 68544K, reserved 1114112K
  class space    used 8805K, committed 9344K, reserved 1048576K
}

