# JRE version: OpenJDK Runtime Environment Temurin-21.0.2+13 (21.0.2+13) (build 21.0.2+13-LTS)
# Java VM: OpenJDK 64-Bit Server VM Temurin-21.0.2+13 (21.0.2+13-LTS, mixed mode, emulated-client, sharing, tiered, compressed oops, compressed class ptrs, g1 gc, windows-amd64)
GC Precious Log:
 CardTable entry size: 512
 Card Set container configuration: InlinePtr #cards 4 size 8 Array Of Cards #cards 32 size 80 Howl #buckets 8 coarsen threshold 7372 Howl Bitmap #cards 1024 size 144 coarsen threshold 921 Card regions per heap region 1 cards per card region 8192
 CPUs: 8 total, 8 available
 Memory: 32448M
 Large Page Support: Disabled
 NUMA Support: Disabled
 Compressed Oops: Enabled (Zero based)
 Heap Region Size: 4M
 Heap Min Capacity: 8M
 Heap Initial Capacity: 508M
 Heap Max Capacity: 8116M
 Pre-touch: Disabled
 Parallel Workers: 8
 Concurrent Workers: 2
 Concurrent Refinement Workers: 8
 Periodic GC: Disabled
Heap:
 garbage-first heap   total 180224K, used 108736K [0x0000000604c00000, 0x0000000800000000)
  region size 4096K, 19 young (77824K), 4 survivors (16384K)
 Metaspace       used 68357K, committed 69632K, reserved 1114112K
  class space    used 8980K, committed 9536K, reserved 1048576K
GC Heap History (20 events):
Event: 3.543 GC heap before
{Heap before GC invocations=13 (full 0):
 garbage-first heap   total 98304K, used 72689K [0x0000000604c00000, 0x0000000800000000)
  region size 4096K, 14 young (57344K), 2 survivors (8192K)
 Metaspace       used 39261K, committed 39872K, reserved 1114112K
  class space    used 5172K, committed 5440K, reserved 1048576K
}
Event: 3.547 GC heap after
{Heap after GC invocations=14 (full 0):
 garbage-first heap   total 98304K, used 25157K [0x0000000604c00000, 0x0000000800000000)
  region size 4096K, 2 young (8192K), 2 survivors (8192K)
 Metaspace       used 39261K, committed 39872K, reserved 1114112K
  class space    used 5172K, committed 5440K, reserved 1048576K
}
Event: 3.865 GC heap before
{Heap before GC invocations=14 (full 0):
 garbage-first heap   total 98304K, used 74309K [0x0000000604c00000, 0x0000000800000000)
  region size 4096K, 14 young (57344K), 2 survivors (8192K)
 Metaspace       used 43177K, committed 43840K, reserved 1114112K
  class space    used 5593K, committed 5888K, reserved 1048576K
}
Event: 3.870 GC heap after
{Heap after GC invocations=15 (full 0):
 garbage-first heap   total 311296K, used 27275K [0x0000000604c00000, 0x0000000800000000)
  region size 4096K, 2 young (8192K), 2 survivors (8192K)
 Metaspace       used 43177K, committed 43840K, reserved 1114112K
  class space    used 5593K, committed 5888K, reserved 1048576K
}
Event: 4.031 GC heap before
{Heap before GC invocations=15 (full 0):
 garbage-first heap   total 311296K, used 51851K [0x0000000604c00000, 0x0000000800000000)
  region size 4096K, 9 young (36864K), 2 survivors (8192K)
 Metaspace       used 45376K, committed 46016K, reserved 1114112K
  class space    used 5874K, committed 6144K, reserved 1048576K
}
Event: 4.035 GC heap after
{Heap after GC invocations=16 (full 0):
 garbage-first heap   total 311296K, used 27592K [0x0000000604c00000, 0x0000000800000000)
  region size 4096K, 2 young (8192K), 2 survivors (8192K)
 Metaspace       used 45376K, committed 46016K, reserved 1114112K
  class space    used 5874K, committed 6144K, reserved 1048576K
}
Event: 4.522 GC heap before
{Heap before GC invocations=17 (full 0):
 garbage-first heap   total 122880K, used 93128K [0x0000000604c00000, 0x0000000800000000)
  region size 4096K, 18 young (73728K), 2 survivors (8192K)
 Metaspace       used 49890K, committed 50496K, reserved 1114112K
  class space    used 6440K, committed 6720K, reserved 1048576K
}
Event: 4.527 GC heap after
{Heap after GC invocations=18 (full 0):
 garbage-first heap   total 122880K, used 29341K [0x0000000604c00000, 0x0000000800000000)
  region size 4096K, 2 young (8192K), 2 survivors (8192K)
 Metaspace       used 49890K, committed 50496K, reserved 1114112K
  class space    used 6440K, committed 6720K, reserved 1048576K
}
Event: 4.960 GC heap before
{Heap before GC invocations=18 (full 0):
 garbage-first heap   total 122880K, used 94877K [0x0000000604c00000, 0x0000000800000000)
  region size 4096K, 18 young (73728K), 2 survivors (8192K)
 Metaspace       used 52178K, committed 52864K, reserved 1114112K
  class space    used 6769K, committed 7104K, reserved 1048576K
}
Event: 4.966 GC heap after
{Heap after GC invocations=19 (full 0):
 garbage-first heap   total 122880K, used 31356K [0x0000000604c00000, 0x0000000800000000)
  region size 4096K, 3 young (12288K), 3 survivors (12288K)
 Metaspace       used 52178K, committed 52864K, reserved 1114112K
  class space    used 6769K, committed 7104K, reserved 1048576K
}
Event: 5.180 GC heap before
{Heap before GC invocations=19 (full 0):
 garbage-first heap   total 122880K, used 92796K [0x0000000604c00000, 0x0000000800000000)
  region size 4096K, 18 young (73728K), 3 survivors (12288K)
 Metaspace       used 53578K, committed 54208K, reserved 1114112K
  class space    used 6950K, committed 7232K, reserved 1048576K
}
Event: 5.186 GC heap after
{Heap after GC invocations=20 (full 0):
 garbage-first heap   total 122880K, used 39611K [0x0000000604c00000, 0x0000000800000000)
  region size 4096K, 3 young (12288K), 3 survivors (12288K)
 Metaspace       used 53578K, committed 54208K, reserved 1114112K
  class space    used 6950K, committed 7232K, reserved 1048576K
}
Event: 5.317 GC heap before
{Heap before GC invocations=20 (full 0):
 garbage-first heap   total 122880K, used 101051K [0x0000000604c00000, 0x0000000800000000)
  region size 4096K, 18 young (73728K), 3 survivors (12288K)
 Metaspace       used 53691K, committed 54400K, reserved 1114112K
  class space    used 6967K, committed 7296K, reserved 1048576K
}
Event: 5.323 GC heap after
{Heap after GC invocations=21 (full 0):
 garbage-first heap   total 323584K, used 45014K [0x0000000604c00000, 0x0000000800000000)
  region size 4096K, 3 young (12288K), 3 survivors (12288K)
 Metaspace       used 53691K, committed 54400K, reserved 1114112K
  class space    used 6967K, committed 7296K, reserved 1048576K
}
Event: 6.511 GC heap before
{Heap before GC invocations=21 (full 0):
 garbage-first heap   total 323584K, used 225238K [0x0000000604c00000, 0x0000000800000000)
  region size 4096K, 47 young (192512K), 3 survivors (12288K)
 Metaspace       used 59189K, committed 60032K, reserved 1114112K
  class space    used 7794K, committed 8192K, reserved 1048576K
}
Event: 6.518 GC heap after
{Heap after GC invocations=22 (full 0):
 garbage-first heap   total 323584K, used 41032K [0x0000000604c00000, 0x0000000800000000)
  region size 4096K, 2 young (8192K), 2 survivors (8192K)
 Metaspace       used 59189K, committed 60032K, reserved 1114112K
  class space    used 7794K, committed 8192K, reserved 1048576K
}
Event: 7.213 GC heap before
{Heap before GC invocations=22 (full 0):
 garbage-first heap   total 323584K, used 94280K [0x0000000604c00000, 0x0000000800000000)
  region size 4096K, 16 young (65536K), 2 survivors (8192K)
 Metaspace       used 62467K, committed 63360K, reserved 1114112K
  class space    used 8236K, committed 8640K, reserved 1048576K
}
Event: 7.218 GC heap after
{Heap after GC invocations=23 (full 0):
 garbage-first heap   total 323584K, used 45013K [0x0000000604c00000, 0x0000000800000000)
  region size 4096K, 3 young (12288K), 3 survivors (12288K)
 Metaspace       used 62467K, committed 63360K, reserved 1114112K
  class space    used 8236K, committed 8640K, reserved 1048576K
}
Event: 12.001 GC heap before
{Heap before GC invocations=24 (full 0):
 garbage-first heap   total 180224K, used 135125K [0x0000000604c00000, 0x0000000800000000)
  region size 4096K, 26 young (106496K), 3 survivors (12288K)
 Metaspace       used 67411K, committed 68672K, reserved 1114112K
  class space    used 8839K, committed 9408K, reserved 1048576K
}
Event: 12.011 GC heap after
{Heap after GC invocations=25 (full 0):
 garbage-first heap   total 180224K, used 51392K [0x0000000604c00000, 0x0000000800000000)
  region size 4096K, 4 young (16384K), 4 survivors (16384K)
 Metaspace       used 67411K, committed 68672K, reserved 1114112K
  class space    used 8839K, committed 9408K, reserved 1048576K
}

