# JRE version: OpenJDK Runtime Environment Temurin-21.0.2+13 (21.0.2+13) (build 21.0.2+13-LTS)
# Java VM: OpenJDK 64-Bit Server VM Temurin-21.0.2+13 (21.0.2+13-LTS, mixed mode, emulated-client, sharing, tiered, compressed oops, compressed class ptrs, g1 gc, windows-amd64)
GC Precious Log:
 CardTable entry size: 512
 Card Set container configuration: InlinePtr #cards 4 size 8 Array Of Cards #cards 32 size 80 Howl #buckets 8 coarsen threshold 7372 Howl Bitmap #cards 1024 size 144 coarsen threshold 921 Card regions per heap region 1 cards per card region 8192
 CPUs: 8 total, 8 available
 Memory: 32448M
 Large Page Support: Disabled
 NUMA Support: Disabled
 Compressed Oops: Enabled (Zero based)
 Heap Region Size: 4M
 Heap Min Capacity: 8M
 Heap Initial Capacity: 508M
 Heap Max Capacity: 8116M
 Pre-touch: Disabled
 Parallel Workers: 8
 Concurrent Workers: 2
 Concurrent Refinement Workers: 8
 Periodic GC: Disabled
Heap:
 garbage-first heap   total 163840K, used 76660K [0x0000000604c00000, 0x0000000800000000)
  region size 4096K, 10 young (40960K), 3 survivors (12288K)
 Metaspace       used 69173K, committed 70464K, reserved 1114112K
  class space    used 9097K, committed 9664K, reserved 1048576K
GC Heap History (20 events):
Event: 3.154 GC heap after
{Heap after GC invocations=13 (full 0):
 garbage-first heap   total 81920K, used 24297K [0x0000000604c00000, 0x0000000800000000)
  region size 4096K, 2 young (8192K), 2 survivors (8192K)
 Metaspace       used 37331K, committed 37888K, reserved 1114112K
  class space    used 4949K, committed 5184K, reserved 1048576K
}
Event: 3.421 GC heap before
{Heap before GC invocations=13 (full 0):
 garbage-first heap   total 81920K, used 65257K [0x0000000604c00000, 0x0000000800000000)
  region size 4096K, 12 young (49152K), 2 survivors (8192K)
 Metaspace       used 39412K, committed 40064K, reserved 1114112K
  class space    used 5188K, committed 5504K, reserved 1048576K
}
Event: 3.425 GC heap after
{Heap after GC invocations=14 (full 0):
 garbage-first heap   total 303104K, used 25656K [0x0000000604c00000, 0x0000000800000000)
  region size 4096K, 2 young (8192K), 2 survivors (8192K)
 Metaspace       used 39412K, committed 40064K, reserved 1114112K
  class space    used 5188K, committed 5504K, reserved 1048576K
}
Event: 3.839 GC heap before
{Heap before GC invocations=14 (full 0):
 garbage-first heap   total 303104K, used 87096K [0x0000000604c00000, 0x0000000800000000)
  region size 4096K, 19 young (77824K), 2 survivors (8192K)
 Metaspace       used 45072K, committed 45696K, reserved 1114112K
  class space    used 5840K, committed 6144K, reserved 1048576K
}
Event: 3.844 GC heap after
{Heap after GC invocations=15 (full 0):
 garbage-first heap   total 303104K, used 27649K [0x0000000604c00000, 0x0000000800000000)
  region size 4096K, 2 young (8192K), 2 survivors (8192K)
 Metaspace       used 45072K, committed 45696K, reserved 1114112K
  class space    used 5840K, committed 6144K, reserved 1048576K
}
Event: 4.209 GC heap before
{Heap before GC invocations=16 (full 0):
 garbage-first heap   total 110592K, used 84993K [0x0000000604c00000, 0x0000000800000000)
  region size 4096K, 16 young (65536K), 2 survivors (8192K)
 Metaspace       used 49585K, committed 50240K, reserved 1114112K
  class space    used 6422K, committed 6720K, reserved 1048576K
}
Event: 4.214 GC heap after
{Heap after GC invocations=17 (full 0):
 garbage-first heap   total 110592K, used 29513K [0x0000000604c00000, 0x0000000800000000)
  region size 4096K, 2 young (8192K), 2 survivors (8192K)
 Metaspace       used 49585K, committed 50240K, reserved 1114112K
  class space    used 6422K, committed 6720K, reserved 1048576K
}
Event: 4.621 GC heap before
{Heap before GC invocations=17 (full 0):
 garbage-first heap   total 110592K, used 86857K [0x0000000604c00000, 0x0000000800000000)
  region size 4096K, 16 young (65536K), 2 survivors (8192K)
 Metaspace       used 51503K, committed 52160K, reserved 1114112K
  class space    used 6686K, committed 6976K, reserved 1048576K
}
Event: 4.626 GC heap after
{Heap after GC invocations=18 (full 0):
 garbage-first heap   total 110592K, used 30792K [0x0000000604c00000, 0x0000000800000000)
  region size 4096K, 2 young (8192K), 2 survivors (8192K)
 Metaspace       used 51503K, committed 52160K, reserved 1114112K
  class space    used 6686K, committed 6976K, reserved 1048576K
}
Event: 4.980 GC heap before
{Heap before GC invocations=18 (full 0):
 garbage-first heap   total 110592K, used 88136K [0x0000000604c00000, 0x0000000800000000)
  region size 4096K, 16 young (65536K), 2 survivors (8192K)
 Metaspace       used 53777K, committed 54464K, reserved 1114112K
  class space    used 6988K, committed 7296K, reserved 1048576K
}
Event: 4.985 GC heap after
{Heap after GC invocations=19 (full 0):
 garbage-first heap   total 315392K, used 33088K [0x0000000604c00000, 0x0000000800000000)
  region size 4096K, 2 young (8192K), 2 survivors (8192K)
 Metaspace       used 53777K, committed 54464K, reserved 1114112K
  class space    used 6988K, committed 7296K, reserved 1048576K
}
Event: 5.396 GC heap before
{Heap before GC invocations=19 (full 0):
 garbage-first heap   total 315392K, used 209216K [0x0000000604c00000, 0x0000000800000000)
  region size 4096K, 46 young (188416K), 2 survivors (8192K)
 Metaspace       used 54483K, committed 55168K, reserved 1114112K
  class space    used 7087K, committed 7360K, reserved 1048576K
}
Event: 5.400 GC heap after
{Heap after GC invocations=20 (full 0):
 garbage-first heap   total 315392K, used 33530K [0x0000000604c00000, 0x0000000800000000)
  region size 4096K, 2 young (8192K), 2 survivors (8192K)
 Metaspace       used 54483K, committed 55168K, reserved 1114112K
  class space    used 7087K, committed 7360K, reserved 1048576K
}
Event: 165.571 GC heap before
{Heap before GC invocations=20 (full 0):
 garbage-first heap   total 315392K, used 213754K [0x0000000604c00000, 0x0000000800000000)
  region size 4096K, 46 young (188416K), 2 survivors (8192K)
 Metaspace       used 60668K, committed 61568K, reserved 1114112K
  class space    used 7990K, committed 8384K, reserved 1048576K
}
Event: 165.580 GC heap after
{Heap after GC invocations=21 (full 0):
 garbage-first heap   total 315392K, used 37639K [0x0000000604c00000, 0x0000000800000000)
  region size 4096K, 3 young (12288K), 3 survivors (12288K)
 Metaspace       used 60668K, committed 61568K, reserved 1114112K
  class space    used 7990K, committed 8384K, reserved 1048576K
}
Event: 166.072 GC heap before
{Heap before GC invocations=21 (full 0):
 garbage-first heap   total 315392K, used 94983K [0x0000000604c00000, 0x0000000800000000)
  region size 4096K, 19 young (77824K), 3 survivors (12288K)
 Metaspace       used 65269K, committed 66432K, reserved 1114112K
  class space    used 8535K, committed 9088K, reserved 1048576K
}
Event: 166.079 GC heap after
{Heap after GC invocations=22 (full 0):
 garbage-first heap   total 315392K, used 42557K [0x0000000604c00000, 0x0000000800000000)
  region size 4096K, 4 young (16384K), 4 survivors (16384K)
 Metaspace       used 65269K, committed 66432K, reserved 1114112K
  class space    used 8535K, committed 9088K, reserved 1048576K
}
Event: 209.900 GC heap before
{Heap before GC invocations=23 (full 0):
 garbage-first heap   total 163840K, used 120381K [0x0000000604c00000, 0x0000000800000000)
  region size 4096K, 24 young (98304K), 4 survivors (16384K)
 Metaspace       used 68945K, committed 70208K, reserved 1114112K
  class space    used 9061K, committed 9664K, reserved 1048576K
}
Event: 209.913 GC heap after
{Heap after GC invocations=24 (full 0):
 garbage-first heap   total 163840K, used 48055K [0x0000000604c00000, 0x0000000800000000)
  region size 4096K, 3 young (12288K), 3 survivors (12288K)
 Metaspace       used 68945K, committed 70208K, reserved 1114112K
  class space    used 9061K, committed 9664K, reserved 1048576K
}
Event: 437.061 GC heap before
{Heap before GC invocations=24 (full 0):
 garbage-first heap   total 163840K, used 72631K [0x0000000604c00000, 0x0000000800000000)
  region size 4096K, 10 young (40960K), 3 survivors (12288K)
 Metaspace       used 69173K, committed 70464K, reserved 1114112K
  class space    used 9097K, committed 9664K, reserved 1048576K
}

