# JRE version: OpenJDK Runtime Environment Temurin-21.0.2+13 (21.0.2+13) (build 21.0.2+13-LTS)
# Java VM: OpenJDK 64-Bit Server VM Temurin-21.0.2+13 (21.0.2+13-LTS, mixed mode, emulated-client, sharing, tiered, compressed oops, compressed class ptrs, g1 gc, windows-amd64)
GC Precious Log:
 CardTable entry size: 512
 Card Set container configuration: InlinePtr #cards 4 size 8 Array Of Cards #cards 32 size 80 Howl #buckets 8 coarsen threshold 7372 Howl Bitmap #cards 1024 size 144 coarsen threshold 921 Card regions per heap region 1 cards per card region 8192
 CPUs: 8 total, 8 available
 Memory: 32448M
 Large Page Support: Disabled
 NUMA Support: Disabled
 Compressed Oops: Enabled (Zero based)
 Heap Region Size: 4M
 Heap Min Capacity: 8M
 Heap Initial Capacity: 508M
 Heap Max Capacity: 8116M
 Pre-touch: Disabled
 Parallel Workers: 8
 Concurrent Workers: 2
 Concurrent Refinement Workers: 8
 Periodic GC: Disabled
Heap:
 garbage-first heap   total 163840K, used 64191K [0x0000000604c00000, 0x0000000800000000)
  region size 4096K, 3 young (12288K), 1 survivors (4096K)
 Metaspace       used 85197K, committed 86528K, reserved 1179648K
  class space    used 10663K, committed 11264K, reserved 1048576K
GC Heap History (20 events):
Event: 51706.342 GC heap before
{Heap before GC invocations=126 (full 8):
 garbage-first heap   total 163840K, used 81122K [0x0000000604c00000, 0x0000000800000000)
  region size 4096K, 10 young (40960K), 3 survivors (12288K)
 Metaspace       used 84267K, committed 85632K, reserved 1179648K
  class space    used 10582K, committed 11200K, reserved 1048576K
}
Event: 51706.348 GC heap after
{Heap after GC invocations=127 (full 8):
 garbage-first heap   total 163840K, used 59841K [0x0000000604c00000, 0x0000000800000000)
  region size 4096K, 1 young (4096K), 1 survivors (4096K)
 Metaspace       used 84267K, committed 85632K, reserved 1179648K
  class space    used 10582K, committed 11200K, reserved 1048576K
}
Event: 51949.268 GC heap before
{Heap before GC invocations=128 (full 8):
 garbage-first heap   total 163840K, used 113089K [0x0000000604c00000, 0x0000000800000000)
  region size 4096K, 16 young (65536K), 1 survivors (4096K)
 Metaspace       used 84280K, committed 85632K, reserved 1179648K
  class space    used 10581K, committed 11200K, reserved 1048576K
}
Event: 51949.355 GC heap after
{Heap after GC invocations=129 (full 9):
 garbage-first heap   total 163840K, used 43070K [0x0000000604c00000, 0x0000000800000000)
  region size 4096K, 0 young (0K), 0 survivors (0K)
 Metaspace       used 84270K, committed 85632K, reserved 1179648K
  class space    used 10579K, committed 11200K, reserved 1048576K
}
Event: 51949.891 GC heap before
{Heap before GC invocations=129 (full 9):
 garbage-first heap   total 163840K, used 75838K [0x0000000604c00000, 0x0000000800000000)
  region size 4096K, 9 young (36864K), 0 survivors (0K)
 Metaspace       used 84398K, committed 85760K, reserved 1179648K
  class space    used 10600K, committed 11200K, reserved 1048576K
}
Event: 51949.894 GC heap after
{Heap after GC invocations=130 (full 9):
 garbage-first heap   total 163840K, used 46150K [0x0000000604c00000, 0x0000000800000000)
  region size 4096K, 1 young (4096K), 1 survivors (4096K)
 Metaspace       used 84398K, committed 85760K, reserved 1179648K
  class space    used 10600K, committed 11200K, reserved 1048576K
}
Event: 51954.451 GC heap before
{Heap before GC invocations=131 (full 9):
 garbage-first heap   total 163840K, used 123974K [0x0000000604c00000, 0x0000000800000000)
  region size 4096K, 21 young (86016K), 1 survivors (4096K)
 Metaspace       used 83977K, committed 85312K, reserved 1179648K
  class space    used 10446K, committed 11200K, reserved 1048576K
}
Event: 51954.457 GC heap after
{Heap after GC invocations=132 (full 9):
 garbage-first heap   total 163840K, used 49562K [0x0000000604c00000, 0x0000000800000000)
  region size 4096K, 2 young (8192K), 2 survivors (8192K)
 Metaspace       used 83977K, committed 85312K, reserved 1179648K
  class space    used 10446K, committed 11200K, reserved 1048576K
}
Event: 51955.096 GC heap before
{Heap before GC invocations=132 (full 9):
 garbage-first heap   total 163840K, used 127386K [0x0000000604c00000, 0x0000000800000000)
  region size 4096K, 21 young (86016K), 2 survivors (8192K)
 Metaspace       used 84407K, committed 85696K, reserved 1179648K
  class space    used 10478K, committed 11200K, reserved 1048576K
}
Event: 51955.102 GC heap after
{Heap after GC invocations=133 (full 9):
 garbage-first heap   total 163840K, used 52304K [0x0000000604c00000, 0x0000000800000000)
  region size 4096K, 2 young (8192K), 2 survivors (8192K)
 Metaspace       used 84407K, committed 85696K, reserved 1179648K
  class space    used 10478K, committed 11200K, reserved 1048576K
}
Event: 51955.231 GC heap before
{Heap before GC invocations=133 (full 9):
 garbage-first heap   total 163840K, used 134224K [0x0000000604c00000, 0x0000000800000000)
  region size 4096K, 23 young (94208K), 2 survivors (8192K)
 Metaspace       used 84413K, committed 85696K, reserved 1179648K
  class space    used 10480K, committed 11200K, reserved 1048576K
}
Event: 51955.236 GC heap after
{Heap after GC invocations=134 (full 9):
 garbage-first heap   total 163840K, used 56594K [0x0000000604c00000, 0x0000000800000000)
  region size 4096K, 3 young (12288K), 3 survivors (12288K)
 Metaspace       used 84413K, committed 85696K, reserved 1179648K
  class space    used 10480K, committed 11200K, reserved 1048576K
}
Event: 51955.716 GC heap before
{Heap before GC invocations=135 (full 9):
 garbage-first heap   total 163840K, used 138514K [0x0000000604c00000, 0x0000000800000000)
  region size 4096K, 23 young (94208K), 3 survivors (12288K)
 Metaspace       used 84452K, committed 85696K, reserved 1179648K
  class space    used 10490K, committed 11200K, reserved 1048576K
}
Event: 51955.722 GC heap after
{Heap after GC invocations=136 (full 9):
 garbage-first heap   total 163840K, used 52806K [0x0000000604c00000, 0x0000000800000000)
  region size 4096K, 1 young (4096K), 1 survivors (4096K)
 Metaspace       used 84452K, committed 85696K, reserved 1179648K
  class space    used 10490K, committed 11200K, reserved 1048576K
}
Event: 51967.723 GC heap before
{Heap before GC invocations=136 (full 9):
 garbage-first heap   total 163840K, used 138822K [0x0000000604c00000, 0x0000000800000000)
  region size 4096K, 22 young (90112K), 1 survivors (4096K)
 Metaspace       used 85152K, committed 86528K, reserved 1179648K
  class space    used 10649K, committed 11264K, reserved 1048576K
}
Event: 51967.729 GC heap after
{Heap after GC invocations=137 (full 9):
 garbage-first heap   total 163840K, used 58102K [0x0000000604c00000, 0x0000000800000000)
  region size 4096K, 3 young (12288K), 3 survivors (12288K)
 Metaspace       used 85152K, committed 86528K, reserved 1179648K
  class space    used 10649K, committed 11264K, reserved 1048576K
}
Event: 51982.702 GC heap before
{Heap before GC invocations=137 (full 9):
 garbage-first heap   total 163840K, used 78582K [0x0000000604c00000, 0x0000000800000000)
  region size 4096K, 9 young (36864K), 3 survivors (12288K)
 Metaspace       used 85204K, committed 86528K, reserved 1179648K
  class space    used 10662K, committed 11264K, reserved 1048576K
}
Event: 51982.708 GC heap after
{Heap after GC invocations=138 (full 9):
 garbage-first heap   total 163840K, used 59321K [0x0000000604c00000, 0x0000000800000000)
  region size 4096K, 1 young (4096K), 1 survivors (4096K)
 Metaspace       used 85204K, committed 86528K, reserved 1179648K
  class space    used 10662K, committed 11264K, reserved 1048576K
}
Event: 52309.996 GC heap before
{Heap before GC invocations=139 (full 9):
 garbage-first heap   total 163840K, used 137145K [0x0000000604c00000, 0x0000000800000000)
  region size 4096K, 20 young (81920K), 1 survivors (4096K)
 Metaspace       used 85192K, committed 86528K, reserved 1179648K
  class space    used 10663K, committed 11264K, reserved 1048576K
}
Event: 52310.000 GC heap after
{Heap after GC invocations=140 (full 9):
 garbage-first heap   total 163840K, used 60095K [0x0000000604c00000, 0x0000000800000000)
  region size 4096K, 1 young (4096K), 1 survivors (4096K)
 Metaspace       used 85192K, committed 86528K, reserved 1179648K
  class space    used 10663K, committed 11264K, reserved 1048576K
}

