# JRE version: OpenJDK Runtime Environment Temurin-21.0.2+13 (21.0.2+13) (build 21.0.2+13-LTS)
# Java VM: OpenJDK 64-Bit Server VM Temurin-21.0.2+13 (21.0.2+13-LTS, mixed mode, emulated-client, sharing, tiered, compressed oops, compressed class ptrs, g1 gc, windows-amd64)
GC Precious Log:
 CardTable entry size: 512
 Card Set container configuration: InlinePtr #cards 4 size 8 Array Of Cards #cards 32 size 80 Howl #buckets 8 coarsen threshold 7372 Howl Bitmap #cards 1024 size 144 coarsen threshold 921 Card regions per heap region 1 cards per card region 8192
 CPUs: 8 total, 8 available
 Memory: 32448M
 Large Page Support: Disabled
 NUMA Support: Disabled
 Compressed Oops: Enabled (Zero based)
 Heap Region Size: 4M
 Heap Min Capacity: 8M
 Heap Initial Capacity: 508M
 Heap Max Capacity: 8116M
 Pre-touch: Disabled
 Parallel Workers: 8
 Concurrent Workers: 2
 Concurrent Refinement Workers: 8
 Periodic GC: Disabled
Heap:
 garbage-first heap   total 151552K, used 103469K [0x0000000604c00000, 0x0000000800000000)
  region size 4096K, 12 young (49152K), 2 survivors (8192K)
 Metaspace       used 81198K, committed 82688K, reserved 1179648K
  class space    used 10209K, committed 10944K, reserved 1048576K
GC Heap History (20 events):
Event: 10011.757 GC heap before
{Heap before GC invocations=115 (full 9):
 garbage-first heap   total 122880K, used 103017K [0x0000000604c00000, 0x0000000800000000)
  region size 4096K, 17 young (69632K), 2 survivors (8192K)
 Metaspace       used 79527K, committed 80832K, reserved 1179648K
  class space    used 9949K, committed 10688K, reserved 1048576K
}
Event: 10011.765 GC heap after
{Heap after GC invocations=116 (full 9):
 garbage-first heap   total 323584K, used 44279K [0x0000000604c00000, 0x0000000800000000)
  region size 4096K, 2 young (8192K), 2 survivors (8192K)
 Metaspace       used 79527K, committed 80832K, reserved 1179648K
  class space    used 9949K, committed 10688K, reserved 1048576K
}
Event: 10012.219 GC heap before
{Heap before GC invocations=116 (full 9):
 garbage-first heap   total 323584K, used 224503K [0x0000000604c00000, 0x0000000800000000)
  region size 4096K, 47 young (192512K), 2 survivors (8192K)
 Metaspace       used 79568K, committed 80896K, reserved 1179648K
  class space    used 9961K, committed 10688K, reserved 1048576K
}
Event: 10012.224 GC heap after
{Heap after GC invocations=117 (full 9):
 garbage-first heap   total 323584K, used 45074K [0x0000000604c00000, 0x0000000800000000)
  region size 4096K, 2 young (8192K), 2 survivors (8192K)
 Metaspace       used 79568K, committed 80896K, reserved 1179648K
  class space    used 9961K, committed 10688K, reserved 1048576K
}
Event: 10158.827 GC heap before
{Heap before GC invocations=118 (full 9):
 garbage-first heap   total 192512K, used 151570K [0x0000000604c00000, 0x0000000800000000)
  region size 4096K, 28 young (114688K), 2 survivors (8192K)
 Metaspace       used 80312K, committed 81792K, reserved 1179648K
  class space    used 10131K, committed 10816K, reserved 1048576K
}
Event: 10158.837 GC heap after
{Heap after GC invocations=119 (full 9):
 garbage-first heap   total 192512K, used 51455K [0x0000000604c00000, 0x0000000800000000)
  region size 4096K, 4 young (16384K), 4 survivors (16384K)
 Metaspace       used 80312K, committed 81792K, reserved 1179648K
  class space    used 10131K, committed 10816K, reserved 1048576K
}
Event: 10817.139 GC heap before
{Heap before GC invocations=119 (full 9):
 garbage-first heap   total 192512K, used 129279K [0x0000000604c00000, 0x0000000800000000)
  region size 4096K, 24 young (98304K), 4 survivors (16384K)
 Metaspace       used 80358K, committed 81856K, reserved 1179648K
  class space    used 10142K, committed 10880K, reserved 1048576K
}
Event: 10817.259 GC heap after
{Heap after GC invocations=120 (full 10):
 garbage-first heap   total 151552K, used 34091K [0x0000000604c00000, 0x0000000800000000)
  region size 4096K, 0 young (0K), 0 survivors (0K)
 Metaspace       used 79398K, committed 81280K, reserved 1179648K
  class space    used 9916K, committed 10816K, reserved 1048576K
}
Event: 10824.149 GC heap before
{Heap before GC invocations=120 (full 10):
 garbage-first heap   total 151552K, used 124203K [0x0000000604c00000, 0x0000000800000000)
  region size 4096K, 22 young (90112K), 0 survivors (0K)
 Metaspace       used 79797K, committed 81280K, reserved 1179648K
  class space    used 9981K, committed 10816K, reserved 1048576K
}
Event: 10824.155 GC heap after
{Heap after GC invocations=121 (full 10):
 garbage-first heap   total 151552K, used 41408K [0x0000000604c00000, 0x0000000800000000)
  region size 4096K, 2 young (8192K), 2 survivors (8192K)
 Metaspace       used 79797K, committed 81280K, reserved 1179648K
  class space    used 9981K, committed 10816K, reserved 1048576K
}
Event: 10825.081 GC heap before
{Heap before GC invocations=122 (full 10):
 garbage-first heap   total 151552K, used 119232K [0x0000000604c00000, 0x0000000800000000)
  region size 4096K, 21 young (86016K), 2 survivors (8192K)
 Metaspace       used 80386K, committed 81792K, reserved 1179648K
  class space    used 10022K, committed 10816K, reserved 1048576K
}
Event: 10825.087 GC heap after
{Heap after GC invocations=123 (full 10):
 garbage-first heap   total 151552K, used 43624K [0x0000000604c00000, 0x0000000800000000)
  region size 4096K, 1 young (4096K), 1 survivors (4096K)
 Metaspace       used 80386K, committed 81792K, reserved 1179648K
  class space    used 10022K, committed 10816K, reserved 1048576K
}
Event: 10825.389 GC heap before
{Heap before GC invocations=123 (full 10):
 garbage-first heap   total 151552K, used 117352K [0x0000000604c00000, 0x0000000800000000)
  region size 4096K, 20 young (81920K), 1 survivors (4096K)
 Metaspace       used 80407K, committed 81792K, reserved 1179648K
  class space    used 10027K, committed 10816K, reserved 1048576K
}
Event: 10825.398 GC heap after
{Heap after GC invocations=124 (full 10):
 garbage-first heap   total 151552K, used 56562K [0x0000000604c00000, 0x0000000800000000)
  region size 4096K, 3 young (12288K), 3 survivors (12288K)
 Metaspace       used 80407K, committed 81792K, reserved 1179648K
  class space    used 10027K, committed 10816K, reserved 1048576K
}
Event: 10825.519 GC heap before
{Heap before GC invocations=124 (full 10):
 garbage-first heap   total 151552K, used 118002K [0x0000000604c00000, 0x0000000800000000)
  region size 4096K, 19 young (77824K), 3 survivors (12288K)
 Metaspace       used 80415K, committed 81792K, reserved 1179648K
  class space    used 10029K, committed 10816K, reserved 1048576K
}
Event: 10825.528 GC heap after
{Heap after GC invocations=125 (full 10):
 garbage-first heap   total 151552K, used 67649K [0x0000000604c00000, 0x0000000800000000)
  region size 4096K, 3 young (12288K), 3 survivors (12288K)
 Metaspace       used 80415K, committed 81792K, reserved 1179648K
  class space    used 10029K, committed 10816K, reserved 1048576K
}
Event: 10826.124 GC heap before
{Heap before GC invocations=126 (full 10):
 garbage-first heap   total 151552K, used 120897K [0x0000000604c00000, 0x0000000800000000)
  region size 4096K, 16 young (65536K), 3 survivors (12288K)
 Metaspace       used 80463K, committed 81856K, reserved 1179648K
  class space    used 10042K, committed 10816K, reserved 1048576K
}
Event: 10826.129 GC heap after
{Heap after GC invocations=127 (full 10):
 garbage-first heap   total 151552K, used 63482K [0x0000000604c00000, 0x0000000800000000)
  region size 4096K, 1 young (4096K), 1 survivors (4096K)
 Metaspace       used 80463K, committed 81856K, reserved 1179648K
  class space    used 10042K, committed 10816K, reserved 1048576K
}
Event: 10849.447 GC heap before
{Heap before GC invocations=127 (full 10):
 garbage-first heap   total 151552K, used 124922K [0x0000000604c00000, 0x0000000800000000)
  region size 4096K, 16 young (65536K), 1 survivors (4096K)
 Metaspace       used 80754K, committed 82112K, reserved 1179648K
  class space    used 10106K, committed 10816K, reserved 1048576K
}
Event: 10849.454 GC heap after
{Heap after GC invocations=128 (full 10):
 garbage-first heap   total 151552K, used 66605K [0x0000000604c00000, 0x0000000800000000)
  region size 4096K, 2 young (8192K), 2 survivors (8192K)
 Metaspace       used 80754K, committed 82112K, reserved 1179648K
  class space    used 10106K, committed 10816K, reserved 1048576K
}

