# JRE version: OpenJDK Runtime Environment Temurin-21.0.2+13 (21.0.2+13) (build 21.0.2+13-LTS)
# Java VM: OpenJDK 64-Bit Server VM Temurin-21.0.2+13 (21.0.2+13-LTS, mixed mode, emulated-client, sharing, tiered, compressed oops, compressed class ptrs, g1 gc, windows-amd64)
GC Precious Log:
 CardTable entry size: 512
 Card Set container configuration: InlinePtr #cards 4 size 8 Array Of Cards #cards 32 size 80 Howl #buckets 8 coarsen threshold 7372 Howl Bitmap #cards 1024 size 144 coarsen threshold 921 Card regions per heap region 1 cards per card region 8192
 CPUs: 8 total, 8 available
 Memory: 32448M
 Large Page Support: Disabled
 NUMA Support: Disabled
 Compressed Oops: Enabled (Zero based)
 Heap Region Size: 4M
 Heap Min Capacity: 8M
 Heap Initial Capacity: 508M
 Heap Max Capacity: 8116M
 Pre-touch: Disabled
 Parallel Workers: 8
 Concurrent Workers: 2
 Concurrent Refinement Workers: 8
 Periodic GC: Disabled
Heap:
 garbage-first heap   total 221184K, used 142846K [0x0000000604c00000, 0x0000000800000000)
  region size 4096K, 26 young (106496K), 3 survivors (12288K)
 Metaspace       used 69257K, committed 70464K, reserved 1114112K
  class space    used 9064K, committed 9600K, reserved 1048576K
GC Heap History (20 events):
Event: 8.534 GC heap before
{Heap before GC invocations=11 (full 0):
 garbage-first heap   total 81920K, used 60504K [0x0000000604c00000, 0x0000000800000000)
  region size 4096K, 12 young (49152K), 2 survivors (8192K)
 Metaspace       used 31296K, committed 31808K, reserved 1114112K
  class space    used 4113K, committed 4352K, reserved 1048576K
}
Event: 8.539 GC heap after
{Heap after GC invocations=12 (full 0):
 garbage-first heap   total 81920K, used 20619K [0x0000000604c00000, 0x0000000800000000)
  region size 4096K, 2 young (8192K), 2 survivors (8192K)
 Metaspace       used 31296K, committed 31808K, reserved 1114112K
  class space    used 4113K, committed 4352K, reserved 1048576K
}
Event: 8.882 GC heap before
{Heap before GC invocations=12 (full 0):
 garbage-first heap   total 81920K, used 61579K [0x0000000604c00000, 0x0000000800000000)
  region size 4096K, 12 young (49152K), 2 survivors (8192K)
 Metaspace       used 34838K, committed 35328K, reserved 1114112K
  class space    used 4573K, committed 4800K, reserved 1048576K
}
Event: 8.887 GC heap after
{Heap after GC invocations=13 (full 0):
 garbage-first heap   total 81920K, used 22237K [0x0000000604c00000, 0x0000000800000000)
  region size 4096K, 2 young (8192K), 2 survivors (8192K)
 Metaspace       used 34838K, committed 35328K, reserved 1114112K
  class space    used 4573K, committed 4800K, reserved 1048576K
}
Event: 9.308 GC heap before
{Heap before GC invocations=13 (full 0):
 garbage-first heap   total 81920K, used 63197K [0x0000000604c00000, 0x0000000800000000)
  region size 4096K, 12 young (49152K), 2 survivors (8192K)
 Metaspace       used 37175K, committed 37760K, reserved 1114112K
  class space    used 4939K, committed 5184K, reserved 1048576K
}
Event: 9.314 GC heap after
{Heap after GC invocations=14 (full 0):
 garbage-first heap   total 303104K, used 24130K [0x0000000604c00000, 0x0000000800000000)
  region size 4096K, 2 young (8192K), 2 survivors (8192K)
 Metaspace       used 37175K, committed 37760K, reserved 1114112K
  class space    used 4939K, committed 5184K, reserved 1048576K
}
Event: 10.103 GC heap before
{Heap before GC invocations=14 (full 0):
 garbage-first heap   total 303104K, used 126530K [0x0000000604c00000, 0x0000000800000000)
  region size 4096K, 29 young (118784K), 2 survivors (8192K)
 Metaspace       used 45435K, committed 46016K, reserved 1114112K
  class space    used 5876K, committed 6144K, reserved 1048576K
}
Event: 10.109 GC heap after
{Heap after GC invocations=15 (full 0):
 garbage-first heap   total 303104K, used 27343K [0x0000000604c00000, 0x0000000800000000)
  region size 4096K, 2 young (8192K), 2 survivors (8192K)
 Metaspace       used 45435K, committed 46016K, reserved 1114112K
  class space    used 5876K, committed 6144K, reserved 1048576K
}
Event: 10.531 GC heap before
{Heap before GC invocations=16 (full 0):
 garbage-first heap   total 110592K, used 84687K [0x0000000604c00000, 0x0000000800000000)
  region size 4096K, 16 young (65536K), 2 survivors (8192K)
 Metaspace       used 49626K, committed 50240K, reserved 1114112K
  class space    used 6391K, committed 6656K, reserved 1048576K
}
Event: 10.536 GC heap after
{Heap after GC invocations=17 (full 0):
 garbage-first heap   total 110592K, used 29105K [0x0000000604c00000, 0x0000000800000000)
  region size 4096K, 2 young (8192K), 2 survivors (8192K)
 Metaspace       used 49626K, committed 50240K, reserved 1114112K
  class space    used 6391K, committed 6656K, reserved 1048576K
}
Event: 10.944 GC heap before
{Heap before GC invocations=17 (full 0):
 garbage-first heap   total 110592K, used 86449K [0x0000000604c00000, 0x0000000800000000)
  region size 4096K, 16 young (65536K), 2 survivors (8192K)
 Metaspace       used 51730K, committed 52352K, reserved 1114112K
  class space    used 6702K, committed 6976K, reserved 1048576K
}
Event: 10.949 GC heap after
{Heap after GC invocations=18 (full 0):
 garbage-first heap   total 110592K, used 30609K [0x0000000604c00000, 0x0000000800000000)
  region size 4096K, 1 young (4096K), 1 survivors (4096K)
 Metaspace       used 51730K, committed 52352K, reserved 1114112K
  class space    used 6702K, committed 6976K, reserved 1048576K
}
Event: 11.251 GC heap before
{Heap before GC invocations=18 (full 0):
 garbage-first heap   total 110592K, used 87953K [0x0000000604c00000, 0x0000000800000000)
  region size 4096K, 16 young (65536K), 1 survivors (4096K)
 Metaspace       used 53388K, committed 54080K, reserved 1114112K
  class space    used 6916K, committed 7232K, reserved 1048576K
}
Event: 11.256 GC heap after
{Heap after GC invocations=19 (full 0):
 garbage-first heap   total 315392K, used 37807K [0x0000000604c00000, 0x0000000800000000)
  region size 4096K, 2 young (8192K), 2 survivors (8192K)
 Metaspace       used 53388K, committed 54080K, reserved 1114112K
  class space    used 6916K, committed 7232K, reserved 1048576K
}
Event: 12.105 GC heap before
{Heap before GC invocations=19 (full 0):
 garbage-first heap   total 315392K, used 213935K [0x0000000604c00000, 0x0000000800000000)
  region size 4096K, 46 young (188416K), 2 survivors (8192K)
 Metaspace       used 55408K, committed 56192K, reserved 1114112K
  class space    used 7241K, committed 7616K, reserved 1048576K
}
Event: 12.114 GC heap after
{Heap after GC invocations=20 (full 0):
 garbage-first heap   total 315392K, used 47612K [0x0000000604c00000, 0x0000000800000000)
  region size 4096K, 5 young (20480K), 5 survivors (20480K)
 Metaspace       used 55408K, committed 56192K, reserved 1114112K
  class space    used 7241K, committed 7616K, reserved 1048576K
}
Event: 17.095 GC heap before
{Heap before GC invocations=20 (full 0):
 garbage-first heap   total 315392K, used 211452K [0x0000000604c00000, 0x0000000800000000)
  region size 4096K, 46 young (188416K), 5 survivors (20480K)
 Metaspace       used 64863K, committed 65856K, reserved 1114112K
  class space    used 8501K, committed 8960K, reserved 1048576K
}
Event: 17.107 GC heap after
{Heap after GC invocations=21 (full 0):
 garbage-first heap   total 315392K, used 55534K [0x0000000604c00000, 0x0000000800000000)
  region size 4096K, 5 young (20480K), 5 survivors (20480K)
 Metaspace       used 64863K, committed 65856K, reserved 1114112K
  class space    used 8501K, committed 8960K, reserved 1048576K
}
Event: 17.237 GC heap before
{Heap before GC invocations=21 (full 0):
 garbage-first heap   total 315392K, used 67822K [0x0000000604c00000, 0x0000000800000000)
  region size 4096K, 10 young (40960K), 5 survivors (20480K)
 Metaspace       used 66081K, committed 67136K, reserved 1114112K
  class space    used 8601K, committed 9088K, reserved 1048576K
}
Event: 17.245 GC heap after
{Heap after GC invocations=22 (full 0):
 garbage-first heap   total 315392K, used 56830K [0x0000000604c00000, 0x0000000800000000)
  region size 4096K, 3 young (12288K), 3 survivors (12288K)
 Metaspace       used 66081K, committed 67136K, reserved 1114112K
  class space    used 8601K, committed 9088K, reserved 1048576K
}

