# JRE version: OpenJDK Runtime Environment Temurin-21.0.2+13 (21.0.2+13) (build 21.0.2+13-LTS)
# Java VM: OpenJDK 64-Bit Server VM Temurin-21.0.2+13 (21.0.2+13-LTS, mixed mode, emulated-client, sharing, tiered, compressed oops, compressed class ptrs, g1 gc, windows-amd64)
GC Precious Log:
 CardTable entry size: 512
 Card Set container configuration: InlinePtr #cards 4 size 8 Array Of Cards #cards 32 size 80 Howl #buckets 8 coarsen threshold 7372 Howl Bitmap #cards 1024 size 144 coarsen threshold 921 Card regions per heap region 1 cards per card region 8192
 CPUs: 8 total, 8 available
 Memory: 32448M
 Large Page Support: Disabled
 NUMA Support: Disabled
 Compressed Oops: Enabled (Zero based)
 Heap Region Size: 4M
 Heap Min Capacity: 8M
 Heap Initial Capacity: 508M
 Heap Max Capacity: 8116M
 Pre-touch: Disabled
 Parallel Workers: 8
 Concurrent Workers: 2
 Concurrent Refinement Workers: 8
 Periodic GC: Disabled
Heap:
 garbage-first heap   total 167936K, used 111745K [0x0000000604c00000, 0x0000000800000000)
  region size 4096K, 17 young (69632K), 1 survivors (4096K)
 Metaspace       used 79094K, committed 80384K, reserved 1179648K
  class space    used 9977K, committed 10752K, reserved 1048576K
GC Heap History (20 events):
Event: 23348.826 GC heap before
{Heap before GC invocations=65 (full 4):
 garbage-first heap   total 167936K, used 128603K [0x0000000604c00000, 0x0000000800000000)
  region size 4096K, 24 young (98304K), 2 survivors (8192K)
 Metaspace       used 78127K, committed 79168K, reserved 1179648K
  class space    used 9930K, committed 10496K, reserved 1048576K
}
Event: 23348.830 GC heap after
{Heap after GC invocations=66 (full 4):
 garbage-first heap   total 167936K, used 44899K [0x0000000604c00000, 0x0000000800000000)
  region size 4096K, 2 young (8192K), 2 survivors (8192K)
 Metaspace       used 78127K, committed 79168K, reserved 1179648K
  class space    used 9930K, committed 10496K, reserved 1048576K
}
Event: 23349.001 GC heap before
{Heap before GC invocations=66 (full 4):
 garbage-first heap   total 167936K, used 130915K [0x0000000604c00000, 0x0000000800000000)
  region size 4096K, 24 young (98304K), 2 survivors (8192K)
 Metaspace       used 78141K, committed 79168K, reserved 1179648K
  class space    used 9934K, committed 10496K, reserved 1048576K
}
Event: 23349.006 GC heap after
{Heap after GC invocations=67 (full 4):
 garbage-first heap   total 167936K, used 46921K [0x0000000604c00000, 0x0000000800000000)
  region size 4096K, 2 young (8192K), 2 survivors (8192K)
 Metaspace       used 78141K, committed 79168K, reserved 1179648K
  class space    used 9934K, committed 10496K, reserved 1048576K
}
Event: 23349.267 GC heap before
{Heap before GC invocations=67 (full 4):
 garbage-first heap   total 167936K, used 132937K [0x0000000604c00000, 0x0000000800000000)
  region size 4096K, 24 young (98304K), 2 survivors (8192K)
 Metaspace       used 78152K, committed 79168K, reserved 1179648K
  class space    used 9938K, committed 10496K, reserved 1048576K
}
Event: 23349.270 GC heap after
{Heap after GC invocations=68 (full 4):
 garbage-first heap   total 167936K, used 45899K [0x0000000604c00000, 0x0000000800000000)
  region size 4096K, 1 young (4096K), 1 survivors (4096K)
 Metaspace       used 78152K, committed 79168K, reserved 1179648K
  class space    used 9938K, committed 10496K, reserved 1048576K
}
Event: 23362.636 GC heap before
{Heap before GC invocations=69 (full 4):
 garbage-first heap   total 167936K, used 140107K [0x0000000604c00000, 0x0000000800000000)
  region size 4096K, 24 young (98304K), 1 survivors (4096K)
 Metaspace       used 78683K, committed 79872K, reserved 1179648K
  class space    used 10060K, committed 10624K, reserved 1048576K
}
Event: 23362.642 GC heap after
{Heap after GC invocations=70 (full 4):
 garbage-first heap   total 167936K, used 51292K [0x0000000604c00000, 0x0000000800000000)
  region size 4096K, 3 young (12288K), 3 survivors (12288K)
 Metaspace       used 78683K, committed 79872K, reserved 1179648K
  class space    used 10060K, committed 10624K, reserved 1048576K
}
Event: 23402.658 GC heap before
{Heap before GC invocations=70 (full 4):
 garbage-first heap   total 167936K, used 92252K [0x0000000604c00000, 0x0000000800000000)
  region size 4096K, 15 young (61440K), 3 survivors (12288K)
 Metaspace       used 78752K, committed 80000K, reserved 1179648K
  class space    used 10076K, committed 10688K, reserved 1048576K
}
Event: 23402.664 GC heap after
{Heap after GC invocations=71 (full 4):
 garbage-first heap   total 167936K, used 53646K [0x0000000604c00000, 0x0000000800000000)
  region size 4096K, 1 young (4096K), 1 survivors (4096K)
 Metaspace       used 78752K, committed 80000K, reserved 1179648K
  class space    used 10076K, committed 10688K, reserved 1048576K
}
Event: 23949.826 GC heap before
{Heap before GC invocations=72 (full 4):
 garbage-first heap   total 167936K, used 135566K [0x0000000604c00000, 0x0000000800000000)
  region size 4096K, 22 young (90112K), 1 survivors (4096K)
 Metaspace       used 78933K, committed 80192K, reserved 1179648K
  class space    used 10092K, committed 10688K, reserved 1048576K
}
Event: 23949.891 GC heap after
{Heap after GC invocations=73 (full 5):
 garbage-first heap   total 167936K, used 42409K [0x0000000604c00000, 0x0000000800000000)
  region size 4096K, 0 young (0K), 0 survivors (0K)
 Metaspace       used 78874K, committed 80192K, reserved 1179648K
  class space    used 10082K, committed 10688K, reserved 1048576K
}
Event: 23950.575 GC heap before
{Heap before GC invocations=73 (full 5):
 garbage-first heap   total 167936K, used 124329K [0x0000000604c00000, 0x0000000800000000)
  region size 4096K, 21 young (86016K), 0 survivors (0K)
 Metaspace       used 79175K, committed 80448K, reserved 1179648K
  class space    used 10121K, committed 10752K, reserved 1048576K
}
Event: 23950.579 GC heap after
{Heap after GC invocations=74 (full 5):
 garbage-first heap   total 167936K, used 47867K [0x0000000604c00000, 0x0000000800000000)
  region size 4096K, 2 young (8192K), 2 survivors (8192K)
 Metaspace       used 79175K, committed 80448K, reserved 1179648K
  class space    used 10121K, committed 10752K, reserved 1048576K
}
Event: 23954.267 GC heap before
{Heap before GC invocations=75 (full 5):
 garbage-first heap   total 167936K, used 133883K [0x0000000604c00000, 0x0000000800000000)
  region size 4096K, 23 young (94208K), 2 survivors (8192K)
 Metaspace       used 78890K, committed 80320K, reserved 1179648K
  class space    used 9949K, committed 10752K, reserved 1048576K
}
Event: 23954.271 GC heap after
{Heap after GC invocations=76 (full 5):
 garbage-first heap   total 167936K, used 49762K [0x0000000604c00000, 0x0000000800000000)
  region size 4096K, 2 young (8192K), 2 survivors (8192K)
 Metaspace       used 78890K, committed 80320K, reserved 1179648K
  class space    used 9949K, committed 10752K, reserved 1048576K
}
Event: 23954.438 GC heap before
{Heap before GC invocations=76 (full 5):
 garbage-first heap   total 167936K, used 135778K [0x0000000604c00000, 0x0000000800000000)
  region size 4096K, 23 young (94208K), 2 survivors (8192K)
 Metaspace       used 78917K, committed 80320K, reserved 1179648K
  class space    used 9956K, committed 10752K, reserved 1048576K
}
Event: 23954.443 GC heap after
{Heap after GC invocations=77 (full 5):
 garbage-first heap   total 167936K, used 51064K [0x0000000604c00000, 0x0000000800000000)
  region size 4096K, 2 young (8192K), 2 survivors (8192K)
 Metaspace       used 78917K, committed 80320K, reserved 1179648K
  class space    used 9956K, committed 10752K, reserved 1048576K
}
Event: 23954.723 GC heap before
{Heap before GC invocations=77 (full 5):
 garbage-first heap   total 167936K, used 137080K [0x0000000604c00000, 0x0000000800000000)
  region size 4096K, 24 young (98304K), 2 survivors (8192K)
 Metaspace       used 78931K, committed 80320K, reserved 1179648K
  class space    used 9960K, committed 10752K, reserved 1048576K
}
Event: 23954.727 GC heap after
{Heap after GC invocations=78 (full 5):
 garbage-first heap   total 167936K, used 50305K [0x0000000604c00000, 0x0000000800000000)
  region size 4096K, 1 young (4096K), 1 survivors (4096K)
 Metaspace       used 78931K, committed 80320K, reserved 1179648K
  class space    used 9960K, committed 10752K, reserved 1048576K
}

