# JRE version: OpenJDK Runtime Environment Temurin-21.0.2+13 (21.0.2+13) (build 21.0.2+13-LTS)
# Java VM: OpenJDK 64-Bit Server VM Temurin-21.0.2+13 (21.0.2+13-LTS, mixed mode, emulated-client, sharing, tiered, compressed oops, compressed class ptrs, g1 gc, windows-amd64)
GC Precious Log:
 CardTable entry size: 512
 Card Set container configuration: InlinePtr #cards 4 size 8 Array Of Cards #cards 32 size 80 Howl #buckets 8 coarsen threshold 7372 Howl Bitmap #cards 1024 size 144 coarsen threshold 921 Card regions per heap region 1 cards per card region 8192
 CPUs: 8 total, 8 available
 Memory: 32448M
 Large Page Support: Disabled
 NUMA Support: Disabled
 Compressed Oops: Enabled (Zero based)
 Heap Region Size: 4M
 Heap Min Capacity: 8M
 Heap Initial Capacity: 508M
 Heap Max Capacity: 8116M
 Pre-touch: Disabled
 Parallel Workers: 8
 Concurrent Workers: 2
 Concurrent Refinement Workers: 8
 Periodic GC: Disabled
Heap:
 garbage-first heap   total 221184K, used 59695K [0x0000000604c00000, 0x0000000800000000)
  region size 4096K, 5 young (20480K), 4 survivors (16384K)
 Metaspace       used 68240K, committed 69376K, reserved 1114112K
  class space    used 8957K, committed 9472K, reserved 1048576K
GC Heap History (20 events):
Event: 2.789 GC heap before
{Heap before GC invocations=12 (full 0):
 garbage-first heap   total 81920K, used 62006K [0x0000000604c00000, 0x0000000800000000)
  region size 4096K, 12 young (49152K), 2 survivors (8192K)
 Metaspace       used 35572K, committed 36096K, reserved 1114112K
  class space    used 4671K, committed 4928K, reserved 1048576K
}
Event: 2.792 GC heap after
{Heap after GC invocations=13 (full 0):
 garbage-first heap   total 81920K, used 22171K [0x0000000604c00000, 0x0000000800000000)
  region size 4096K, 2 young (8192K), 2 survivors (8192K)
 Metaspace       used 35572K, committed 36096K, reserved 1114112K
  class space    used 4671K, committed 4928K, reserved 1048576K
}
Event: 3.091 GC heap before
{Heap before GC invocations=13 (full 0):
 garbage-first heap   total 81920K, used 59035K [0x0000000604c00000, 0x0000000800000000)
  region size 4096K, 12 young (49152K), 2 survivors (8192K)
 Metaspace       used 37520K, committed 38016K, reserved 1114112K
  class space    used 4982K, committed 5184K, reserved 1048576K
}
Event: 3.096 GC heap after
{Heap after GC invocations=14 (full 0):
 garbage-first heap   total 303104K, used 24170K [0x0000000604c00000, 0x0000000800000000)
  region size 4096K, 2 young (8192K), 2 survivors (8192K)
 Metaspace       used 37520K, committed 38016K, reserved 1114112K
  class space    used 4982K, committed 5184K, reserved 1048576K
}
Event: 3.772 GC heap before
{Heap before GC invocations=14 (full 0):
 garbage-first heap   total 303104K, used 130666K [0x0000000604c00000, 0x0000000800000000)
  region size 4096K, 29 young (118784K), 2 survivors (8192K)
 Metaspace       used 46151K, committed 46720K, reserved 1114112K
  class space    used 5993K, committed 6272K, reserved 1048576K
}
Event: 3.778 GC heap after
{Heap after GC invocations=15 (full 0):
 garbage-first heap   total 303104K, used 27367K [0x0000000604c00000, 0x0000000800000000)
  region size 4096K, 2 young (8192K), 2 survivors (8192K)
 Metaspace       used 46151K, committed 46720K, reserved 1114112K
  class space    used 5993K, committed 6272K, reserved 1048576K
}
Event: 4.149 GC heap before
{Heap before GC invocations=16 (full 0):
 garbage-first heap   total 110592K, used 84711K [0x0000000604c00000, 0x0000000800000000)
  region size 4096K, 16 young (65536K), 2 survivors (8192K)
 Metaspace       used 49797K, committed 50432K, reserved 1114112K
  class space    used 6440K, committed 6720K, reserved 1048576K
}
Event: 4.154 GC heap after
{Heap after GC invocations=17 (full 0):
 garbage-first heap   total 110592K, used 28893K [0x0000000604c00000, 0x0000000800000000)
  region size 4096K, 2 young (8192K), 2 survivors (8192K)
 Metaspace       used 49797K, committed 50432K, reserved 1114112K
  class space    used 6440K, committed 6720K, reserved 1048576K
}
Event: 4.479 GC heap before
{Heap before GC invocations=17 (full 0):
 garbage-first heap   total 110592K, used 86237K [0x0000000604c00000, 0x0000000800000000)
  region size 4096K, 16 young (65536K), 2 survivors (8192K)
 Metaspace       used 51964K, committed 52608K, reserved 1114112K
  class space    used 6746K, committed 7040K, reserved 1048576K
}
Event: 4.484 GC heap after
{Heap after GC invocations=18 (full 0):
 garbage-first heap   total 110592K, used 30289K [0x0000000604c00000, 0x0000000800000000)
  region size 4096K, 1 young (4096K), 1 survivors (4096K)
 Metaspace       used 51964K, committed 52608K, reserved 1114112K
  class space    used 6746K, committed 7040K, reserved 1048576K
}
Event: 4.698 GC heap before
{Heap before GC invocations=18 (full 0):
 garbage-first heap   total 110592K, used 91729K [0x0000000604c00000, 0x0000000800000000)
  region size 4096K, 16 young (65536K), 1 survivors (4096K)
 Metaspace       used 53366K, committed 54080K, reserved 1114112K
  class space    used 6925K, committed 7232K, reserved 1048576K
}
Event: 4.703 GC heap after
{Heap after GC invocations=19 (full 0):
 garbage-first heap   total 315392K, used 37875K [0x0000000604c00000, 0x0000000800000000)
  region size 4096K, 2 young (8192K), 2 survivors (8192K)
 Metaspace       used 53366K, committed 54080K, reserved 1114112K
  class space    used 6925K, committed 7232K, reserved 1048576K
}
Event: 5.314 GC heap before
{Heap before GC invocations=19 (full 0):
 garbage-first heap   total 315392K, used 214003K [0x0000000604c00000, 0x0000000800000000)
  region size 4096K, 46 young (188416K), 2 survivors (8192K)
 Metaspace       used 55450K, committed 56192K, reserved 1114112K
  class space    used 7254K, committed 7616K, reserved 1048576K
}
Event: 5.323 GC heap after
{Heap after GC invocations=20 (full 0):
 garbage-first heap   total 315392K, used 47054K [0x0000000604c00000, 0x0000000800000000)
  region size 4096K, 5 young (20480K), 5 survivors (20480K)
 Metaspace       used 55450K, committed 56192K, reserved 1114112K
  class space    used 7254K, committed 7616K, reserved 1048576K
}
Event: 15.699 GC heap before
{Heap before GC invocations=20 (full 0):
 garbage-first heap   total 315392K, used 214990K [0x0000000604c00000, 0x0000000800000000)
  region size 4096K, 46 young (188416K), 5 survivors (20480K)
 Metaspace       used 65040K, committed 66112K, reserved 1114112K
  class space    used 8537K, committed 9024K, reserved 1048576K
}
Event: 15.714 GC heap after
{Heap after GC invocations=21 (full 0):
 garbage-first heap   total 315392K, used 53527K [0x0000000604c00000, 0x0000000800000000)
  region size 4096K, 5 young (20480K), 5 survivors (20480K)
 Metaspace       used 65040K, committed 66112K, reserved 1114112K
  class space    used 8537K, committed 9024K, reserved 1048576K
}
Event: 15.819 GC heap before
{Heap before GC invocations=21 (full 0):
 garbage-first heap   total 315392K, used 61719K [0x0000000604c00000, 0x0000000800000000)
  region size 4096K, 9 young (36864K), 5 survivors (20480K)
 Metaspace       used 65968K, committed 67008K, reserved 1114112K
  class space    used 8590K, committed 9088K, reserved 1048576K
}
Event: 15.828 GC heap after
{Heap after GC invocations=22 (full 0):
 garbage-first heap   total 315392K, used 54825K [0x0000000604c00000, 0x0000000800000000)
  region size 4096K, 3 young (12288K), 3 survivors (12288K)
 Metaspace       used 65968K, committed 67008K, reserved 1114112K
  class space    used 8590K, committed 9088K, reserved 1048576K
}
Event: 484.989 GC heap before
{Heap before GC invocations=23 (full 0):
 garbage-first heap   total 221184K, used 173609K [0x0000000604c00000, 0x0000000800000000)
  region size 4096K, 32 young (131072K), 3 survivors (12288K)
 Metaspace       used 68140K, committed 69376K, reserved 1114112K
  class space    used 8941K, committed 9472K, reserved 1048576K
}
Event: 484.997 GC heap after
{Heap after GC invocations=24 (full 0):
 garbage-first heap   total 221184K, used 59695K [0x0000000604c00000, 0x0000000800000000)
  region size 4096K, 4 young (16384K), 4 survivors (16384K)
 Metaspace       used 68140K, committed 69376K, reserved 1114112K
  class space    used 8941K, committed 9472K, reserved 1048576K
}

