# JRE version: OpenJDK Runtime Environment Temurin-21.0.2+13 (21.0.2+13) (build 21.0.2+13-LTS)
# Java VM: OpenJDK 64-Bit Server VM Temurin-21.0.2+13 (21.0.2+13-LTS, mixed mode, emulated-client, sharing, tiered, compressed oops, compressed class ptrs, g1 gc, windows-amd64)
GC Precious Log:
 CardTable entry size: 512
 Card Set container configuration: InlinePtr #cards 4 size 8 Array Of Cards #cards 32 size 80 Howl #buckets 8 coarsen threshold 7372 Howl Bitmap #cards 1024 size 144 coarsen threshold 921 Card regions per heap region 1 cards per card region 8192
 CPUs: 8 total, 8 available
 Memory: 32448M
 Large Page Support: Disabled
 NUMA Support: Disabled
 Compressed Oops: Enabled (Zero based)
 Heap Region Size: 4M
 Heap Min Capacity: 8M
 Heap Initial Capacity: 508M
 Heap Max Capacity: 8116M
 Pre-touch: Disabled
 Parallel Workers: 8
 Concurrent Workers: 2
 Concurrent Refinement Workers: 8
 Periodic GC: Disabled
Heap:
 garbage-first heap   total 163840K, used 106776K [0x0000000604c00000, 0x0000000800000000)
  region size 4096K, 19 young (77824K), 2 survivors (8192K)
 Metaspace       used 69164K, committed 70464K, reserved 1114112K
  class space    used 9081K, committed 9728K, reserved 1048576K
GC Heap History (20 events):
Event: 2.594 GC heap before
{Heap before GC invocations=11 (full 0):
 garbage-first heap   total 81920K, used 60652K [0x0000000604c00000, 0x0000000800000000)
  region size 4096K, 12 young (49152K), 2 survivors (8192K)
 Metaspace       used 31302K, committed 31744K, reserved 1114112K
  class space    used 4106K, committed 4288K, reserved 1048576K
}
Event: 2.598 GC heap after
{Heap after GC invocations=12 (full 0):
 garbage-first heap   total 81920K, used 21174K [0x0000000604c00000, 0x0000000800000000)
  region size 4096K, 2 young (8192K), 2 survivors (8192K)
 Metaspace       used 31302K, committed 31744K, reserved 1114112K
  class space    used 4106K, committed 4288K, reserved 1048576K
}
Event: 2.904 GC heap before
{Heap before GC invocations=12 (full 0):
 garbage-first heap   total 81920K, used 62134K [0x0000000604c00000, 0x0000000800000000)
  region size 4096K, 12 young (49152K), 2 survivors (8192K)
 Metaspace       used 34587K, committed 35136K, reserved 1114112K
  class space    used 4546K, committed 4800K, reserved 1048576K
}
Event: 2.909 GC heap after
{Heap after GC invocations=13 (full 0):
 garbage-first heap   total 81920K, used 22227K [0x0000000604c00000, 0x0000000800000000)
  region size 4096K, 2 young (8192K), 2 survivors (8192K)
 Metaspace       used 34587K, committed 35136K, reserved 1114112K
  class space    used 4546K, committed 4800K, reserved 1048576K
}
Event: 3.289 GC heap before
{Heap before GC invocations=13 (full 0):
 garbage-first heap   total 81920K, used 63187K [0x0000000604c00000, 0x0000000800000000)
  region size 4096K, 12 young (49152K), 2 survivors (8192K)
 Metaspace       used 37413K, committed 38016K, reserved 1114112K
  class space    used 4968K, committed 5248K, reserved 1048576K
}
Event: 3.294 GC heap after
{Heap after GC invocations=14 (full 0):
 garbage-first heap   total 303104K, used 24077K [0x0000000604c00000, 0x0000000800000000)
  region size 4096K, 2 young (8192K), 2 survivors (8192K)
 Metaspace       used 37413K, committed 38016K, reserved 1114112K
  class space    used 4968K, committed 5248K, reserved 1048576K
}
Event: 4.006 GC heap before
{Heap before GC invocations=14 (full 0):
 garbage-first heap   total 303104K, used 134669K [0x0000000604c00000, 0x0000000800000000)
  region size 4096K, 30 young (122880K), 2 survivors (8192K)
 Metaspace       used 45479K, committed 46016K, reserved 1114112K
  class space    used 5892K, committed 6144K, reserved 1048576K
}
Event: 4.011 GC heap after
{Heap after GC invocations=15 (full 0):
 garbage-first heap   total 303104K, used 27330K [0x0000000604c00000, 0x0000000800000000)
  region size 4096K, 2 young (8192K), 2 survivors (8192K)
 Metaspace       used 45479K, committed 46016K, reserved 1114112K
  class space    used 5892K, committed 6144K, reserved 1048576K
}
Event: 4.376 GC heap before
{Heap before GC invocations=16 (full 0):
 garbage-first heap   total 110592K, used 84674K [0x0000000604c00000, 0x0000000800000000)
  region size 4096K, 16 young (65536K), 2 survivors (8192K)
 Metaspace       used 49771K, committed 50432K, reserved 1114112K
  class space    used 6449K, committed 6784K, reserved 1048576K
}
Event: 4.381 GC heap after
{Heap after GC invocations=17 (full 0):
 garbage-first heap   total 110592K, used 29203K [0x0000000604c00000, 0x0000000800000000)
  region size 4096K, 2 young (8192K), 2 survivors (8192K)
 Metaspace       used 49771K, committed 50432K, reserved 1114112K
  class space    used 6449K, committed 6784K, reserved 1048576K
}
Event: 4.748 GC heap before
{Heap before GC invocations=17 (full 0):
 garbage-first heap   total 110592K, used 86547K [0x0000000604c00000, 0x0000000800000000)
  region size 4096K, 16 young (65536K), 2 survivors (8192K)
 Metaspace       used 51722K, committed 52416K, reserved 1114112K
  class space    used 6719K, committed 7040K, reserved 1048576K
}
Event: 4.753 GC heap after
{Heap after GC invocations=18 (full 0):
 garbage-first heap   total 110592K, used 30555K [0x0000000604c00000, 0x0000000800000000)
  region size 4096K, 1 young (4096K), 1 survivors (4096K)
 Metaspace       used 51722K, committed 52416K, reserved 1114112K
  class space    used 6719K, committed 7040K, reserved 1048576K
}
Event: 5.138 GC heap before
{Heap before GC invocations=18 (full 0):
 garbage-first heap   total 110592K, used 91995K [0x0000000604c00000, 0x0000000800000000)
  region size 4096K, 16 young (65536K), 1 survivors (4096K)
 Metaspace       used 54099K, committed 54848K, reserved 1114112K
  class space    used 7025K, committed 7360K, reserved 1048576K
}
Event: 5.142 GC heap after
{Heap after GC invocations=19 (full 0):
 garbage-first heap   total 315392K, used 33637K [0x0000000604c00000, 0x0000000800000000)
  region size 4096K, 2 young (8192K), 2 survivors (8192K)
 Metaspace       used 54099K, committed 54848K, reserved 1114112K
  class space    used 7025K, committed 7360K, reserved 1048576K
}
Event: 5.708 GC heap before
{Heap before GC invocations=19 (full 0):
 garbage-first heap   total 315392K, used 209765K [0x0000000604c00000, 0x0000000800000000)
  region size 4096K, 46 young (188416K), 2 survivors (8192K)
 Metaspace       used 55095K, committed 55872K, reserved 1114112K
  class space    used 7201K, committed 7552K, reserved 1048576K
}
Event: 5.713 GC heap after
{Heap after GC invocations=20 (full 0):
 garbage-first heap   total 315392K, used 33914K [0x0000000604c00000, 0x0000000800000000)
  region size 4096K, 2 young (8192K), 2 survivors (8192K)
 Metaspace       used 55095K, committed 55872K, reserved 1114112K
  class space    used 7201K, committed 7552K, reserved 1048576K
}
Event: 34.896 GC heap before
{Heap before GC invocations=20 (full 0):
 garbage-first heap   total 315392K, used 205946K [0x0000000604c00000, 0x0000000800000000)
  region size 4096K, 45 young (184320K), 2 survivors (8192K)
 Metaspace       used 63264K, committed 64192K, reserved 1114112K
  class space    used 8329K, committed 8768K, reserved 1048576K
}
Event: 34.906 GC heap after
{Heap after GC invocations=21 (full 0):
 garbage-first heap   total 315392K, used 39810K [0x0000000604c00000, 0x0000000800000000)
  region size 4096K, 4 young (16384K), 4 survivors (16384K)
 Metaspace       used 63264K, committed 64192K, reserved 1114112K
  class space    used 8329K, committed 8768K, reserved 1048576K
}
Event: 39.660 GC heap before
{Heap before GC invocations=22 (full 0):
 garbage-first heap   total 163840K, used 117634K [0x0000000604c00000, 0x0000000800000000)
  region size 4096K, 24 young (98304K), 4 survivors (16384K)
 Metaspace       used 67565K, committed 68736K, reserved 1114112K
  class space    used 8849K, committed 9408K, reserved 1048576K
}
Event: 39.669 GC heap after
{Heap after GC invocations=23 (full 0):
 garbage-first heap   total 163840K, used 45336K [0x0000000604c00000, 0x0000000800000000)
  region size 4096K, 2 young (8192K), 2 survivors (8192K)
 Metaspace       used 67565K, committed 68736K, reserved 1114112K
  class space    used 8849K, committed 9408K, reserved 1048576K
}

