# JRE version: OpenJDK Runtime Environment Temurin-21.0.2+13 (21.0.2+13) (build 21.0.2+13-LTS)
# Java VM: OpenJDK 64-Bit Server VM Temurin-21.0.2+13 (21.0.2+13-LTS, mixed mode, emulated-client, sharing, tiered, compressed oops, compressed class ptrs, g1 gc, windows-amd64)
GC Precious Log:
 CardTable entry size: 512
 Card Set container configuration: InlinePtr #cards 4 size 8 Array Of Cards #cards 32 size 80 Howl #buckets 8 coarsen threshold 7372 Howl Bitmap #cards 1024 size 144 coarsen threshold 921 Card regions per heap region 1 cards per card region 8192
 CPUs: 8 total, 8 available
 Memory: 32448M
 Large Page Support: Disabled
 NUMA Support: Disabled
 Compressed Oops: Enabled (Zero based)
 Heap Region Size: 4M
 Heap Min Capacity: 8M
 Heap Initial Capacity: 508M
 Heap Max Capacity: 8116M
 Pre-touch: Disabled
 Parallel Workers: 8
 Concurrent Workers: 2
 Concurrent Refinement Workers: 8
 Periodic GC: Disabled
Heap:
 garbage-first heap   total 163840K, used 86068K [0x0000000604c00000, 0x0000000800000000)
  region size 4096K, 14 young (57344K), 3 survivors (12288K)
 Metaspace       used 69201K, committed 70464K, reserved 1114112K
  class space    used 9093K, committed 9664K, reserved 1048576K
GC Heap History (20 events):
Event: 2.437 GC heap before
{Heap before GC invocations=11 (full 0):
 garbage-first heap   total 81920K, used 60511K [0x0000000604c00000, 0x0000000800000000)
  region size 4096K, 12 young (49152K), 2 survivors (8192K)
 Metaspace       used 30905K, committed 31360K, reserved 1114112K
  class space    used 4036K, committed 4224K, reserved 1048576K
}
Event: 2.441 GC heap after
{Heap after GC invocations=12 (full 0):
 garbage-first heap   total 81920K, used 20397K [0x0000000604c00000, 0x0000000800000000)
  region size 4096K, 2 young (8192K), 2 survivors (8192K)
 Metaspace       used 30905K, committed 31360K, reserved 1114112K
  class space    used 4036K, committed 4224K, reserved 1048576K
}
Event: 2.778 GC heap before
{Heap before GC invocations=12 (full 0):
 garbage-first heap   total 81920K, used 61357K [0x0000000604c00000, 0x0000000800000000)
  region size 4096K, 12 young (49152K), 2 survivors (8192K)
 Metaspace       used 33902K, committed 34496K, reserved 1114112K
  class space    used 4476K, committed 4736K, reserved 1048576K
}
Event: 2.782 GC heap after
{Heap after GC invocations=13 (full 0):
 garbage-first heap   total 81920K, used 22464K [0x0000000604c00000, 0x0000000800000000)
  region size 4096K, 2 young (8192K), 2 survivors (8192K)
 Metaspace       used 33902K, committed 34496K, reserved 1114112K
  class space    used 4476K, committed 4736K, reserved 1048576K
}
Event: 3.128 GC heap before
{Heap before GC invocations=13 (full 0):
 garbage-first heap   total 81920K, used 59328K [0x0000000604c00000, 0x0000000800000000)
  region size 4096K, 12 young (49152K), 2 survivors (8192K)
 Metaspace       used 36991K, committed 37568K, reserved 1114112K
  class space    used 4866K, committed 5120K, reserved 1048576K
}
Event: 3.133 GC heap after
{Heap after GC invocations=14 (full 0):
 garbage-first heap   total 303104K, used 23920K [0x0000000604c00000, 0x0000000800000000)
  region size 4096K, 2 young (8192K), 2 survivors (8192K)
 Metaspace       used 36991K, committed 37568K, reserved 1114112K
  class space    used 4866K, committed 5120K, reserved 1048576K
}
Event: 3.909 GC heap before
{Heap before GC invocations=14 (full 0):
 garbage-first heap   total 303104K, used 134512K [0x0000000604c00000, 0x0000000800000000)
  region size 4096K, 30 young (122880K), 2 survivors (8192K)
 Metaspace       used 44939K, committed 45568K, reserved 1114112K
  class space    used 5829K, committed 6144K, reserved 1048576K
}
Event: 3.914 GC heap after
{Heap after GC invocations=15 (full 0):
 garbage-first heap   total 303104K, used 27114K [0x0000000604c00000, 0x0000000800000000)
  region size 4096K, 2 young (8192K), 2 survivors (8192K)
 Metaspace       used 44939K, committed 45568K, reserved 1114112K
  class space    used 5829K, committed 6144K, reserved 1048576K
}
Event: 4.355 GC heap before
{Heap before GC invocations=16 (full 0):
 garbage-first heap   total 122880K, used 92650K [0x0000000604c00000, 0x0000000800000000)
  region size 4096K, 18 young (73728K), 2 survivors (8192K)
 Metaspace       used 49821K, committed 50432K, reserved 1114112K
  class space    used 6456K, committed 6720K, reserved 1048576K
}
Event: 4.360 GC heap after
{Heap after GC invocations=17 (full 0):
 garbage-first heap   total 122880K, used 28606K [0x0000000604c00000, 0x0000000800000000)
  region size 4096K, 2 young (8192K), 2 survivors (8192K)
 Metaspace       used 49821K, committed 50432K, reserved 1114112K
  class space    used 6456K, committed 6720K, reserved 1048576K
}
Event: 4.776 GC heap before
{Heap before GC invocations=17 (full 0):
 garbage-first heap   total 122880K, used 94142K [0x0000000604c00000, 0x0000000800000000)
  region size 4096K, 18 young (73728K), 2 survivors (8192K)
 Metaspace       used 52101K, committed 52736K, reserved 1114112K
  class space    used 6770K, committed 7040K, reserved 1048576K
}
Event: 4.783 GC heap after
{Heap after GC invocations=18 (full 0):
 garbage-first heap   total 122880K, used 30849K [0x0000000604c00000, 0x0000000800000000)
  region size 4096K, 2 young (8192K), 2 survivors (8192K)
 Metaspace       used 52101K, committed 52736K, reserved 1114112K
  class space    used 6770K, committed 7040K, reserved 1048576K
}
Event: 5.139 GC heap before
{Heap before GC invocations=18 (full 0):
 garbage-first heap   total 122880K, used 92289K [0x0000000604c00000, 0x0000000800000000)
  region size 4096K, 18 young (73728K), 2 survivors (8192K)
 Metaspace       used 54227K, committed 54912K, reserved 1114112K
  class space    used 7046K, committed 7360K, reserved 1048576K
}
Event: 5.147 GC heap after
{Heap after GC invocations=19 (full 0):
 garbage-first heap   total 323584K, used 35753K [0x0000000604c00000, 0x0000000800000000)
  region size 4096K, 3 young (12288K), 3 survivors (12288K)
 Metaspace       used 54227K, committed 54912K, reserved 1114112K
  class space    used 7046K, committed 7360K, reserved 1048576K
}
Event: 5.814 GC heap before
{Heap before GC invocations=19 (full 0):
 garbage-first heap   total 323584K, used 211881K [0x0000000604c00000, 0x0000000800000000)
  region size 4096K, 47 young (192512K), 3 survivors (12288K)
 Metaspace       used 55635K, committed 56384K, reserved 1114112K
  class space    used 7279K, committed 7616K, reserved 1048576K
}
Event: 5.819 GC heap after
{Heap after GC invocations=20 (full 0):
 garbage-first heap   total 323584K, used 34218K [0x0000000604c00000, 0x0000000800000000)
  region size 4096K, 2 young (8192K), 2 survivors (8192K)
 Metaspace       used 55635K, committed 56384K, reserved 1114112K
  class space    used 7279K, committed 7616K, reserved 1048576K
}
Event: 7.001 GC heap before
{Heap before GC invocations=20 (full 0):
 garbage-first heap   total 323584K, used 181674K [0x0000000604c00000, 0x0000000800000000)
  region size 4096K, 40 young (163840K), 2 survivors (8192K)
 Metaspace       used 63137K, committed 64000K, reserved 1114112K
  class space    used 8318K, committed 8704K, reserved 1048576K
}
Event: 7.009 GC heap after
{Heap after GC invocations=21 (full 0):
 garbage-first heap   total 323584K, used 39932K [0x0000000604c00000, 0x0000000800000000)
  region size 4096K, 4 young (16384K), 4 survivors (16384K)
 Metaspace       used 63137K, committed 64000K, reserved 1114112K
  class space    used 8318K, committed 8704K, reserved 1048576K
}
Event: 14.486 GC heap before
{Heap before GC invocations=22 (full 0):
 garbage-first heap   total 163840K, used 117756K [0x0000000604c00000, 0x0000000800000000)
  region size 4096K, 24 young (98304K), 4 survivors (16384K)
 Metaspace       used 67483K, committed 68672K, reserved 1114112K
  class space    used 8829K, committed 9344K, reserved 1048576K
}
Event: 14.497 GC heap after
{Heap after GC invocations=23 (full 0):
 garbage-first heap   total 163840K, used 45108K [0x0000000604c00000, 0x0000000800000000)
  region size 4096K, 3 young (12288K), 3 survivors (12288K)
 Metaspace       used 67483K, committed 68672K, reserved 1114112K
  class space    used 8829K, committed 9344K, reserved 1048576K
}

