# JRE version: OpenJDK Runtime Environment Temurin-21.0.2+13 (21.0.2+13) (build 21.0.2+13-LTS)
# Java VM: OpenJDK 64-Bit Server VM Temurin-21.0.2+13 (21.0.2+13-LTS, mixed mode, emulated-client, sharing, tiered, compressed oops, compressed class ptrs, g1 gc, windows-amd64)
GC Precious Log:
 CardTable entry size: 512
 Card Set container configuration: InlinePtr #cards 4 size 8 Array Of Cards #cards 32 size 80 Howl #buckets 8 coarsen threshold 7372 Howl Bitmap #cards 1024 size 144 coarsen threshold 921 Card regions per heap region 1 cards per card region 8192
 CPUs: 8 total, 8 available
 Memory: 32448M
 Large Page Support: Disabled
 NUMA Support: Disabled
 Compressed Oops: Enabled (Zero based)
 Heap Region Size: 4M
 Heap Min Capacity: 8M
 Heap Initial Capacity: 508M
 Heap Max Capacity: 8116M
 Pre-touch: Disabled
 Parallel Workers: 8
 Concurrent Workers: 2
 Concurrent Refinement Workers: 8
 Periodic GC: Disabled
Heap:
 garbage-first heap   total 180224K, used 91820K [0x0000000604c00000, 0x0000000800000000)
  region size 4096K, 12 young (49152K), 2 survivors (8192K)
 Metaspace       used 75226K, committed 76928K, reserved 1179648K
  class space    used 9730K, committed 10496K, reserved 1048576K
GC Heap History (20 events):
Event: 33.268 GC heap before
{Heap before GC invocations=25 (full 0):
 garbage-first heap   total 192512K, used 99060K [0x0000000604c00000, 0x0000000800000000)
  region size 4096K, 16 young (65536K), 4 survivors (16384K)
 Metaspace       used 73319K, committed 74624K, reserved 1114112K
  class space    used 9588K, committed 10176K, reserved 1048576K
}
Event: 33.280 GC heap after
{Heap after GC invocations=26 (full 0):
 garbage-first heap   total 192512K, used 57807K [0x0000000604c00000, 0x0000000800000000)
  region size 4096K, 3 young (12288K), 3 survivors (12288K)
 Metaspace       used 73319K, committed 74624K, reserved 1114112K
  class space    used 9588K, committed 10176K, reserved 1048576K
}
Event: 134.545 GC heap before
{Heap before GC invocations=27 (full 0):
 garbage-first heap   total 192512K, used 102863K [0x0000000604c00000, 0x0000000800000000)
  region size 4096K, 15 young (61440K), 3 survivors (12288K)
 Metaspace       used 74594K, committed 75904K, reserved 1114112K
  class space    used 9736K, committed 10368K, reserved 1048576K
}
Event: 134.604 GC heap after
{Heap after GC invocations=28 (full 1):
 garbage-first heap   total 180224K, used 41235K [0x0000000604c00000, 0x0000000800000000)
  region size 4096K, 0 young (0K), 0 survivors (0K)
 Metaspace       used 74587K, committed 75904K, reserved 1114112K
  class space    used 9734K, committed 10368K, reserved 1048576K
}
Event: 135.404 GC heap before
{Heap before GC invocations=28 (full 1):
 garbage-first heap   total 180224K, used 143635K [0x0000000604c00000, 0x0000000800000000)
  region size 4096K, 26 young (106496K), 0 survivors (0K)
 Metaspace       used 74890K, committed 76224K, reserved 1179648K
  class space    used 9770K, committed 10432K, reserved 1048576K
}
Event: 135.408 GC heap after
{Heap after GC invocations=29 (full 1):
 garbage-first heap   total 180224K, used 47654K [0x0000000604c00000, 0x0000000800000000)
  region size 4096K, 2 young (8192K), 2 survivors (8192K)
 Metaspace       used 74890K, committed 76224K, reserved 1179648K
  class space    used 9770K, committed 10432K, reserved 1048576K
}
Event: 135.931 GC heap before
{Heap before GC invocations=29 (full 1):
 garbage-first heap   total 180224K, used 145958K [0x0000000604c00000, 0x0000000800000000)
  region size 4096K, 26 young (106496K), 2 survivors (8192K)
 Metaspace       used 75492K, committed 76928K, reserved 1179648K
  class space    used 9811K, committed 10496K, reserved 1048576K
}
Event: 135.936 GC heap after
{Heap after GC invocations=30 (full 1):
 garbage-first heap   total 180224K, used 54732K [0x0000000604c00000, 0x0000000800000000)
  region size 4096K, 4 young (16384K), 4 survivors (16384K)
 Metaspace       used 75492K, committed 76928K, reserved 1179648K
  class space    used 9811K, committed 10496K, reserved 1048576K
}
Event: 136.080 GC heap before
{Heap before GC invocations=30 (full 1):
 garbage-first heap   total 180224K, used 136652K [0x0000000604c00000, 0x0000000800000000)
  region size 4096K, 24 young (98304K), 4 survivors (16384K)
 Metaspace       used 75492K, committed 76928K, reserved 1179648K
  class space    used 9811K, committed 10496K, reserved 1048576K
}
Event: 136.085 GC heap after
{Heap after GC invocations=31 (full 1):
 garbage-first heap   total 180224K, used 58527K [0x0000000604c00000, 0x0000000800000000)
  region size 4096K, 3 young (12288K), 3 survivors (12288K)
 Metaspace       used 75492K, committed 76928K, reserved 1179648K
  class space    used 9811K, committed 10496K, reserved 1048576K
}
Event: 136.442 GC heap before
{Heap before GC invocations=31 (full 1):
 garbage-first heap   total 180224K, used 140447K [0x0000000604c00000, 0x0000000800000000)
  region size 4096K, 23 young (94208K), 3 survivors (12288K)
 Metaspace       used 75502K, committed 76928K, reserved 1179648K
  class space    used 9814K, committed 10496K, reserved 1048576K
}
Event: 136.445 GC heap after
{Heap after GC invocations=32 (full 1):
 garbage-first heap   total 180224K, used 51490K [0x0000000604c00000, 0x0000000800000000)
  region size 4096K, 1 young (4096K), 1 survivors (4096K)
 Metaspace       used 75502K, committed 76928K, reserved 1179648K
  class space    used 9814K, committed 10496K, reserved 1048576K
}
Event: 137.088 GC heap before
{Heap before GC invocations=32 (full 1):
 garbage-first heap   total 180224K, used 76066K [0x0000000604c00000, 0x0000000800000000)
  region size 4096K, 8 young (32768K), 1 survivors (4096K)
 Metaspace       used 75517K, committed 76928K, reserved 1179648K
  class space    used 9816K, committed 10496K, reserved 1048576K
}
Event: 137.091 GC heap after
{Heap after GC invocations=33 (full 1):
 garbage-first heap   total 180224K, used 50716K [0x0000000604c00000, 0x0000000800000000)
  region size 4096K, 1 young (4096K), 1 survivors (4096K)
 Metaspace       used 75517K, committed 76928K, reserved 1179648K
  class space    used 9816K, committed 10496K, reserved 1048576K
}
Event: 525.239 GC heap before
{Heap before GC invocations=34 (full 1):
 garbage-first heap   total 180224K, used 144924K [0x0000000604c00000, 0x0000000800000000)
  region size 4096K, 25 young (102400K), 1 survivors (4096K)
 Metaspace       used 75069K, committed 76928K, reserved 1179648K
  class space    used 9698K, committed 10496K, reserved 1048576K
}
Event: 525.243 GC heap after
{Heap after GC invocations=35 (full 1):
 garbage-first heap   total 180224K, used 53493K [0x0000000604c00000, 0x0000000800000000)
  region size 4096K, 2 young (8192K), 2 survivors (8192K)
 Metaspace       used 75069K, committed 76928K, reserved 1179648K
  class space    used 9698K, committed 10496K, reserved 1048576K
}
Event: 1071.577 GC heap before
{Heap before GC invocations=35 (full 1):
 garbage-first heap   total 180224K, used 143605K [0x0000000604c00000, 0x0000000800000000)
  region size 4096K, 24 young (98304K), 2 survivors (8192K)
 Metaspace       used 75167K, committed 76928K, reserved 1179648K
  class space    used 9718K, committed 10496K, reserved 1048576K
}
Event: 1071.585 GC heap after
{Heap after GC invocations=36 (full 1):
 garbage-first heap   total 180224K, used 53309K [0x0000000604c00000, 0x0000000800000000)
  region size 4096K, 1 young (4096K), 1 survivors (4096K)
 Metaspace       used 75167K, committed 76928K, reserved 1179648K
  class space    used 9718K, committed 10496K, reserved 1048576K
}
Event: 1790.775 GC heap before
{Heap before GC invocations=36 (full 1):
 garbage-first heap   total 180224K, used 155709K [0x0000000604c00000, 0x0000000800000000)
  region size 4096K, 26 young (106496K), 1 survivors (4096K)
 Metaspace       used 75215K, committed 76928K, reserved 1179648K
  class space    used 9726K, committed 10496K, reserved 1048576K
}
Event: 1790.781 GC heap after
{Heap after GC invocations=37 (full 1):
 garbage-first heap   total 180224K, used 54956K [0x0000000604c00000, 0x0000000800000000)
  region size 4096K, 2 young (8192K), 2 survivors (8192K)
 Metaspace       used 75215K, committed 76928K, reserved 1179648K
  class space    used 9726K, committed 10496K, reserved 1048576K
}

